0001_0013_0031_0034_0034.jpg 1 13 31 34 34
0002_0028_0010_0045_0045.jpg 1 28 10 45 45
0003_0013_0008_0037_0037.jpg 1 13 8 37 37
0004_0025_0020_0051_0051.jpg 1 25 20 51 51
0005_0012_0029_0048_0048.jpg 1 12 29 48 48
0006_0016_0031_0058_0058.jpg 1 16 31 58 58
0007_0026_0006_0068_0068.jpg 1 26 6 68 68
0008_0037_0040_0044_0044.jpg 1 37 40 44 44
0009_0027_0007_0042_0042.jpg 1 27 7 42 42
0010_0031_0062_0024_0024.jpg 1 31 62 24 24
0011_0010_0026_0055_0055.jpg 1 10 26 55 55
0012_0036_0035_0025_0025.jpg 1 36 35 25 25
0013_0025_0022_0054_0054.jpg 1 25 22 54 54
0014_0021_0012_0059_0059.jpg 1 21 12 59 59
0015_0007_0011_0048_0048.jpg 1 7 11 48 48
0016_0029_0012_0039_0039.jpg 1 29 12 39 39
0017_0028_0028_0040_0040.jpg 1 28 28 40 40
0018_0027_0017_0067_0067.jpg 1 27 17 67 67
0019_0022_0023_0068_0068.jpg 1 22 23 68 68
0020_0017_0024_0053_0053.jpg 1 17 24 53 53
0021_0006_0017_0068_0068.jpg 1 6 17 68 68
0022_0062_0033_0030_0030.jpg 1 62 33 30 30
0023_0019_0019_0063_0063.jpg 1 19 19 63 63
0024_0009_0031_0034_0034.jpg 1 9 31 34 34
0025_0045_0026_0047_0047.jpg 1 45 26 47 47
0026_0037_0013_0044_0044.jpg 1 37 13 44 44
0027_0025_0020_0033_0033.jpg 1 25 20 33 33
0028_0011_0041_0043_0043.jpg 1 11 41 43 43
0029_0028_0023_0060_0060.jpg 1 28 23 60 60
0030_0019_0011_0065_0065.jpg 1 19 11 65 65
0031_0026_0026_0043_0043.jpg 1 26 26 43 43
0032_0009_0007_0065_0065.jpg 1 9 7 65 65
0033_0011_0020_0058_0058.jpg 1 11 20 58 58
0034_0053_0021_0024_0024.jpg 1 53 21 24 24
0035_0023_0007_0047_0047.jpg 1 23 7 47 47
0036_0047_0056_0032_0032.jpg 1 47 56 32 32
0037_0016_0052_0040_0040.jpg 1 16 52 40 40
0038_0021_0018_0037_0037.jpg 1 21 18 37 37
0039_0007_0043_0037_0037.jpg 1 7 43 37 37
0040_0021_0016_0041_0041.jpg 1 21 16 41 41
0041_0007_0019_0052_0052.jpg 1 7 19 52 52
0042_0024_0008_0068_0068.jpg 1 24 8 68 68
0043_0039_0009_0052_0052.jpg 1 39 9 52 52
0044_0042_0047_0033_0033.jpg 1 42 47 33 33
0045_0032_0052_0040_0040.jpg 1 32 52 40 40
0046_0034_0047_0027_0027.jpg 1 34 47 27 27
0047_0045_0033_0037_0037.jpg 1 45 33 37 37
0048_0025_0047_0046_0046.jpg 1 25 47 46 46
0049_0044_0035_0028_0028.jpg 1 44 35 28 28
0050_0042_0051_0027_0027.jpg 1 42 51 27 27
0051_0032_0042_0036_0036.jpg 1 32 42 36 36
0052_0068_0037_0024_0024.jpg 1 68 37 24 24
0053_0038_0032_0050_0050.jpg 1 38 32 50 50
0054_0046_0051_0024_0024.jpg 1 46 51 24 24
0055_0025_0013_0032_0032.jpg 1 25 13 32 32
0056_0036_0013_0054_0054.jpg 1 36 13 54 54
0057_0004_0015_0064_0064.jpg 1 4 15 64 64
0058_0027_0029_0063_0063.jpg 1 27 29 63 63
0059_0031_0005_0065_0065.jpg 1 31 5 65 65
0060_0009_0028_0049_0049.jpg 1 9 28 49 49
0061_0010_0027_0038_0038.jpg 1 10 27 38 38
0062_0021_0004_0063_0063.jpg 1 21 4 63 63
0063_0006_0006_0044_0044.jpg 1 6 6 44 44
0064_0018_0027_0053_0053.jpg 1 18 27 53 53
0065_0023_0012_0032_0032.jpg 1 23 12 32 32
0066_0049_0022_0035_0035.jpg 1 49 22 35 35
0067_0019_0018_0069_0069.jpg 1 19 18 69 69
0068_0021_0017_0064_0064.jpg 1 21 17 64 64
0069_0050_0045_0034_0034.jpg 1 50 45 34 34
0070_0015_0041_0053_0053.jpg 1 15 41 53 53
0071_0018_0039_0046_0046.jpg 1 18 39 46 46
0072_0011_0047_0041_0041.jpg 1 11 47 41 41
0073_0023_0021_0066_0066.jpg 1 23 21 66 66
0074_0040_0039_0055_0055.jpg 1 40 39 55 55
0075_0027_0006_0063_0063.jpg 1 27 6 63 63
0076_0012_0006_0056_0056.jpg 1 12 6 56 56
0077_0037_0058_0027_0027.jpg 1 37 58 27 27
0078_0021_0035_0048_0048.jpg 1 21 35 48 48
0079_0012_0024_0066_0066.jpg 1 12 24 66 66
0080_0018_0051_0035_0035.jpg 1 18 51 35 35
0081_0010_0003_0068_0068.jpg 1 10 3 68 68
0082_0028_0042_0039_0039.jpg 1 28 42 39 39
0083_0017_0020_0069_0069.jpg 1 17 20 69 69
0084_0006_0009_0069_0069.jpg 1 6 9 69 69
0085_0048_0012_0045_0045.jpg 1 48 12 45 45
0086_0014_0023_0060_0060.jpg 1 14 23 60 60
0087_0039_0028_0032_0032.jpg 1 39 28 32 32
0088_0016_0031_0058_0058.jpg 1 16 31 58 58
0089_0011_0021_0049_0049.jpg 1 11 21 49 49
0090_0026_0022_0034_0034.jpg 1 26 22 34 34
0091_0053_0025_0030_0030.jpg 1 53 25 30 30
0092_0032_0032_0060_0060.jpg 1 32 32 60 60
0093_0033_0027_0061_0061.jpg 1 33 27 61 61
0094_0013_0026_0029_0029.jpg 1 13 26 29 29
0095_0033_0030_0049_0049.jpg 1 33 30 49 49
0096_0016_0026_0055_0055.jpg 1 16 26 55 55
0097_0008_0015_0046_0046.jpg 1 8 15 46 46
0098_0042_0012_0045_0045.jpg 1 42 12 45 45
0099_0016_0007_0050_0050.jpg 1 16 7 50 50
0100_0007_0010_0060_0060.jpg 1 7 10 60 60
0101_0012_0016_0069_0069.jpg 1 12 16 69 69
0102_0043_0017_0041_0041.jpg 1 43 17 41 41
0103_0039_0013_0047_0047.jpg 1 39 13 47 47
0104_0032_0038_0057_0057.jpg 1 32 38 57 57
0105_0014_0022_0046_0046.jpg 1 14 22 46 46
0106_0042_0047_0041_0041.jpg 1 42 47 41 41
0107_0037_0028_0028_0028.jpg 1 37 28 28 28
0108_0046_0014_0025_0025.jpg 1 46 14 25 25
0109_0037_0047_0043_0043.jpg 1 37 47 43 43
0110_0037_0015_0055_0055.jpg 1 37 15 55 55
0111_0058_0017_0029_0029.jpg 1 58 17 29 29
0112_0043_0025_0024_0024.jpg 1 43 25 24 24
0113_0010_0023_0066_0066.jpg 1 10 23 66 66
0114_0022_0019_0048_0048.jpg 1 22 19 48 48
0115_0022_0034_0036_0036.jpg 1 22 34 36 36
0116_0037_0033_0050_0050.jpg 1 37 33 50 50
0117_0050_0046_0028_0028.jpg 1 50 46 28 28
0118_0040_0044_0043_0043.jpg 1 40 44 43 43
0119_0030_0051_0029_0029.jpg 1 30 51 29 29
0120_0005_0006_0055_0055.jpg 1 5 6 55 55
0121_0035_0038_0052_0052.jpg 1 35 38 52 52
0122_0023_0013_0053_0053.jpg 1 23 13 53 53
0123_0024_0012_0062_0062.jpg 1 24 12 62 62
0124_0052_0009_0038_0038.jpg 1 52 9 38 38
0125_0019_0036_0053_0053.jpg 1 19 36 53 53
0126_0050_0055_0026_0026.jpg 1 50 55 26 26
0127_0030_0021_0065_0065.jpg 1 30 21 65 65
0128_0012_0039_0050_0050.jpg 1 12 39 50 50
0129_0050_0016_0033_0033.jpg 1 50 16 33 33
0130_0028_0049_0039_0039.jpg 1 28 49 39 39
0131_0041_0010_0051_0051.jpg 1 41 10 51 51
0132_0008_0018_0062_0062.jpg 1 8 18 62 62
0133_0049_0028_0028_0028.jpg 1 49 28 28 28
0134_0022_0033_0054_0054.jpg 1 22 33 54 54
0135_0035_0041_0054_0054.jpg 1 35 41 54 54
0136_0033_0055_0024_0024.jpg 1 33 55 24 24
0137_0011_0008_0065_0065.jpg 1 11 8 65 65
0138_0012_0027_0055_0055.jpg 1 12 27 55 55
0139_0018_0054_0037_0037.jpg 1 18 54 37 37
0140_0012_0010_0067_0067.jpg 1 12 10 67 67
0141_0028_0019_0059_0059.jpg 1 28 19 59 59
0142_0042_0036_0052_0052.jpg 1 42 36 52 52
0143_0019_0013_0042_0042.jpg 1 19 13 42 42
0144_0008_0024_0068_0068.jpg 1 8 24 68 68
0145_0042_0026_0038_0038.jpg 1 42 26 38 38
0146_0010_0033_0059_0059.jpg 1 10 33 59 59
0147_0046_0028_0044_0044.jpg 1 46 28 44 44
0148_0029_0041_0043_0043.jpg 1 29 41 43 43
0149_0053_0025_0037_0037.jpg 1 53 25 37 37
0150_0025_0030_0059_0059.jpg 1 25 30 59 59
0151_0058_0015_0034_0034.jpg 1 58 15 34 34
0152_0047_0031_0046_0046.jpg 1 47 31 46 46
0153_0008_0013_0044_0044.jpg 1 8 13 44 44
0154_0037_0031_0035_0035.jpg 1 37 31 35 35
0155_0043_0009_0034_0034.jpg 1 43 9 34 34
0156_0048_0041_0045_0045.jpg 1 48 41 45 45
0157_0026_0026_0039_0039.jpg 1 26 26 39 39
0158_0036_0049_0028_0028.jpg 1 36 49 28 28
0159_0054_0015_0032_0032.jpg 1 54 15 32 32
0160_0013_0035_0049_0049.jpg 1 13 35 49 49
0161_0022_0007_0024_0024.jpg 1 22 7 24 24
0162_0018_0024_0065_0065.jpg 1 18 24 65 65
0163_0049_0056_0037_0037.jpg 1 49 56 37 37
0164_0017_0033_0061_0061.jpg 1 17 33 61 61
0165_0037_0008_0035_0035.jpg 1 37 8 35 35
0166_0047_0019_0035_0035.jpg 1 47 19 35 35
0167_0042_0021_0040_0040.jpg 1 42 21 40 40
0168_0041_0038_0037_0037.jpg 1 41 38 37 37
0169_0013_0035_0057_0057.jpg 1 13 35 57 57
0170_0025_0036_0052_0052.jpg 1 25 36 52 52
0171_0006_0024_0054_0054.jpg 1 6 24 54 54
0172_0026_0019_0041_0041.jpg 1 26 19 41 41
0173_0012_0029_0054_0054.jpg 1 12 29 54 54
0174_0028_0014_0057_0057.jpg 1 28 14 57 57
0175_0063_0013_0025_0025.jpg 1 63 13 25 25
0176_0006_0036_0045_0045.jpg 1 6 36 45 45
0177_0045_0027_0024_0024.jpg 1 45 27 24 24
0178_0010_0003_0066_0066.jpg 1 10 3 66 66
0179_0026_0010_0029_0029.jpg 1 26 10 29 29
0180_0011_0012_0068_0068.jpg 1 11 12 68 68
0181_0017_0018_0067_0067.jpg 1 17 18 67 67
0182_0053_0019_0036_0036.jpg 1 53 19 36 36
0183_0030_0031_0032_0032.jpg 1 30 31 32 32
0184_0039_0048_0034_0034.jpg 1 39 48 34 34
0185_0041_0047_0038_0038.jpg 1 41 47 38 38
0186_0034_0017_0053_0053.jpg 1 34 17 53 53
0187_0032_0036_0041_0041.jpg 1 32 36 41 41
0188_0018_0034_0035_0035.jpg 1 18 34 35 35
0189_0010_0019_0047_0047.jpg 1 10 19 47 47
0190_0025_0027_0069_0069.jpg 1 25 27 69 69
0191_0017_0021_0054_0054.jpg 1 17 21 54 54
0192_0047_0059_0029_0029.jpg 1 47 59 29 29
0193_0023_0027_0068_0068.jpg 1 23 27 68 68
0194_0022_0029_0054_0054.jpg 1 22 29 54 54
0195_0053_0051_0037_0037.jpg 1 53 51 37 37
0196_0016_0031_0063_0063.jpg 1 16 31 63 63
0197_0035_0015_0051_0051.jpg 1 35 15 51 51
0198_0032_0046_0040_0040.jpg 1 32 46 40 40
0199_0029_0047_0034_0034.jpg 1 29 47 34 34
0200_0010_0045_0041_0041.jpg 1 10 45 41 41
0201_0013_0018_0068_0068.jpg 1 13 18 68 68
0202_0028_0030_0044_0044.jpg 1 28 30 44 44
0203_0043_0006_0039_0039.jpg 1 43 6 39 39
0204_0041_0016_0040_0040.jpg 1 41 16 40 40
0205_0013_0028_0049_0049.jpg 1 13 28 49 49
0206_0024_0031_0056_0056.jpg 1 24 31 56 56
0207_0021_0018_0069_0069.jpg 1 21 18 69 69
0208_0017_0042_0039_0039.jpg 1 17 42 39 39
0209_0042_0031_0034_0034.jpg 1 42 31 34 34
0210_0022_0004_0059_0059.jpg 1 22 4 59 59
0211_0007_0018_0047_0047.jpg 1 7 18 47 47
0212_0028_0023_0025_0025.jpg 1 28 23 25 25
0213_0030_0034_0061_0061.jpg 1 30 34 61 61
0214_0051_0013_0030_0030.jpg 1 51 13 30 30
0215_0029_0029_0046_0046.jpg 1 29 29 46 46
0216_0033_0033_0043_0043.jpg 1 33 33 43 43
0217_0043_0048_0032_0032.jpg 1 43 48 32 32
0218_0014_0005_0066_0066.jpg 1 14 5 66 66
0219_0006_0007_0058_0058.jpg 1 6 7 58 58
0220_0029_0014_0041_0041.jpg 1 29 14 41 41
0221_0036_0025_0044_0044.jpg 1 36 25 44 44
0222_0026_0026_0056_0056.jpg 1 26 26 56 56
0223_0009_0008_0057_0057.jpg 1 9 8 57 57
0224_0039_0012_0048_0048.jpg 1 39 12 48 48
0225_0032_0032_0055_0055.jpg 1 32 32 55 55
0226_0015_0042_0042_0042.jpg 1 15 42 42 42
0227_0008_0034_0048_0048.jpg 1 8 34 48 48
0228_0024_0023_0027_0027.jpg 1 24 23 27 27
0229_0007_0022_0069_0069.jpg 1 7 22 69 69
0230_0032_0023_0043_0043.jpg 1 32 23 43 43
0231_0026_0032_0061_0061.jpg 1 26 32 61 61
0232_0014_0011_0050_0050.jpg 1 14 11 50 50
0233_0036_0049_0036_0036.jpg 1 36 49 36 36
0234_0037_0006_0046_0046.jpg 1 37 6 46 46
0235_0034_0010_0053_0053.jpg 1 34 10 53 53
0236_0023_0025_0049_0049.jpg 1 23 25 49 49
0237_0007_0014_0031_0031.jpg 1 7 14 31 31
0238_0028_0034_0059_0059.jpg 1 28 34 59 59
0239_0054_0015_0026_0026.jpg 1 54 15 26 26
0240_0022_0016_0066_0066.jpg 1 22 16 66 66
0241_0013_0016_0055_0055.jpg 1 13 16 55 55
0242_0021_0014_0067_0067.jpg 1 21 14 67 67
0243_0048_0049_0042_0042.jpg 1 48 49 42 42
0244_0017_0022_0028_0028.jpg 1 17 22 28 28
0245_0065_0040_0027_0027.jpg 1 65 40 27 27
0246_0034_0010_0028_0028.jpg 1 34 10 28 28
0247_0018_0012_0025_0025.jpg 1 18 12 25 25
0248_0039_0053_0027_0027.jpg 1 39 53 27 27
0249_0023_0021_0050_0050.jpg 1 23 21 50 50
0250_0010_0025_0042_0042.jpg 1 10 25 42 42
0251_0023_0005_0061_0061.jpg 1 23 5 61 61
0252_0032_0027_0061_0061.jpg 1 32 27 61 61
0253_0013_0019_0050_0050.jpg 1 13 19 50 50
0254_0029_0023_0058_0058.jpg 1 29 23 58 58
0255_0028_0009_0068_0068.jpg 1 28 9 68 68
0256_0028_0014_0059_0059.jpg 1 28 14 59 59
0257_0009_0041_0026_0026.jpg 1 9 41 26 26
0258_0014_0034_0050_0050.jpg 1 14 34 50 50
0259_0017_0012_0059_0059.jpg 1 17 12 59 59
0260_0007_0017_0046_0046.jpg 1 7 17 46 46
0261_0030_0011_0052_0052.jpg 1 30 11 52 52
0262_0054_0028_0024_0024.jpg 1 54 28 24 24
0263_0042_0012_0043_0043.jpg 1 42 12 43 43
0264_0030_0024_0066_0066.jpg 1 30 24 66 66
0265_0023_0032_0062_0062.jpg 1 23 32 62 62
0266_0008_0037_0050_0050.jpg 1 8 37 50 50
0267_0013_0035_0044_0044.jpg 1 13 35 44 44
0268_0049_0019_0024_0024.jpg 1 49 19 24 24
0269_0021_0032_0061_0061.jpg 1 21 32 61 61
0270_0021_0022_0065_0065.jpg 1 21 22 65 65
0271_0018_0029_0051_0051.jpg 1 18 29 51 51
0272_0043_0031_0036_0036.jpg 1 43 31 36 36
0273_0057_0041_0030_0030.jpg 1 57 41 30 30
0274_0021_0018_0069_0069.jpg 1 21 18 69 69
0275_0020_0033_0025_0025.jpg 1 20 33 25 25
0276_0026_0035_0046_0046.jpg 1 26 35 46 46
0277_0031_0026_0051_0051.jpg 1 31 26 51 51
0278_0028_0042_0029_0029.jpg 1 28 42 29 29
0279_0032_0029_0029_0029.jpg 1 32 29 29 29
0280_0042_0029_0039_0039.jpg 1 42 29 39 39
0281_0008_0031_0052_0052.jpg 1 8 31 52 52
0282_0005_0029_0063_0063.jpg 1 5 29 63 63
0283_0019_0027_0068_0068.jpg 1 19 27 68 68
0284_0027_0038_0033_0033.jpg 1 27 38 33 33
0285_0032_0026_0061_0061.jpg 1 32 26 61 61
0286_0022_0044_0037_0037.jpg 1 22 44 37 37
0287_0045_0011_0039_0039.jpg 1 45 11 39 39
0288_0033_0036_0057_0057.jpg 1 33 36 57 57
0289_0018_0024_0064_0064.jpg 1 18 24 64 64
0290_0005_0025_0066_0066.jpg 1 5 25 66 66
0291_0024_0040_0036_0036.jpg 1 24 40 36 36
0292_0024_0035_0042_0042.jpg 1 24 35 42 42
0293_0012_0030_0055_0055.jpg 1 12 30 55 55
0294_0050_0040_0037_0037.jpg 1 50 40 37 37
0295_0031_0030_0053_0053.jpg 1 31 30 53 53
0296_0038_0053_0039_0039.jpg 1 38 53 39 39
0297_0033_0034_0047_0047.jpg 1 33 34 47 47
0298_0045_0019_0040_0040.jpg 1 45 19 40 40
0299_0031_0005_0049_0049.jpg 1 31 5 49 49
0300_0035_0050_0043_0043.jpg 1 35 50 43 43
0301_0022_0012_0067_0067.jpg 1 22 12 67 67
0302_0032_0013_0039_0039.jpg 1 32 13 39 39
0303_0019_0034_0035_0035.jpg 1 19 34 35 35
0304_0048_0063_0024_0024.jpg 1 48 63 24 24
0305_0023_0020_0037_0037.jpg 1 23 20 37 37
0306_0028_0061_0028_0028.jpg 1 28 61 28 28
0307_0022_0023_0068_0068.jpg 1 22 23 68 68
0308_0041_0058_0033_0033.jpg 1 41 58 33 33
0309_0029_0019_0062_0062.jpg 1 29 19 62 62
0310_0024_0026_0063_0063.jpg 1 24 26 63 63
0311_0059_0054_0032_0032.jpg 1 59 54 32 32
0312_0025_0037_0033_0033.jpg 1 25 37 33 33
0313_0015_0030_0045_0045.jpg 1 15 30 45 45
0314_0021_0027_0057_0057.jpg 1 21 27 57 57
0315_0020_0006_0069_0069.jpg 1 20 6 69 69
0316_0012_0041_0048_0048.jpg 1 12 41 48 48
0317_0027_0022_0039_0039.jpg 1 27 22 39 39
0318_0034_0042_0033_0033.jpg 1 34 42 33 33
0319_0015_0036_0049_0049.jpg 1 15 36 49 49
0320_0011_0047_0046_0046.jpg 1 11 47 46 46
0321_0017_0026_0046_0046.jpg 1 17 26 46 46
0322_0014_0027_0052_0052.jpg 1 14 27 52 52
0323_0025_0019_0068_0068.jpg 1 25 19 68 68
0324_0029_0006_0058_0058.jpg 1 29 6 58 58
0325_0020_0028_0048_0048.jpg 1 20 28 48 48
0326_0033_0034_0045_0045.jpg 1 33 34 45 45
0327_0051_0040_0026_0026.jpg 1 51 40 26 26
0328_0029_0035_0033_0033.jpg 1 29 35 33 33
0329_0026_0029_0053_0053.jpg 1 26 29 53 53
0330_0025_0012_0067_0067.jpg 1 25 12 67 67
0331_0031_0010_0046_0046.jpg 1 31 10 46 46
0332_0009_0008_0025_0025.jpg 1 9 8 25 25
0333_0035_0017_0056_0056.jpg 1 35 17 56 56
0334_0012_0038_0030_0030.jpg 1 12 38 30 30
0335_0041_0012_0048_0048.jpg 1 41 12 48 48
0336_0036_0027_0037_0037.jpg 1 36 27 37 37
0337_0044_0060_0027_0027.jpg 1 44 60 27 27
0338_0011_0014_0054_0054.jpg 1 11 14 54 54
0339_0016_0019_0068_0068.jpg 1 16 19 68 68
0340_0019_0008_0039_0039.jpg 1 19 8 39 39
0341_0029_0035_0049_0049.jpg 1 29 35 49 49
0342_0044_0033_0045_0045.jpg 1 44 33 45 45
0343_0013_0006_0066_0066.jpg 1 13 6 66 66
0344_0006_0033_0053_0053.jpg 1 6 33 53 53
0345_0030_0066_0026_0026.jpg 1 30 66 26 26
0346_0018_0021_0063_0063.jpg 1 18 21 63 63
0347_0010_0007_0059_0059.jpg 1 10 7 59 59
0348_0040_0040_0027_0027.jpg 1 40 40 27 27
0349_0038_0032_0046_0046.jpg 1 38 32 46 46
0350_0026_0042_0048_0048.jpg 1 26 42 48 48
0351_0034_0022_0061_0061.jpg 1 34 22 61 61
0352_0051_0007_0036_0036.jpg 1 51 7 36 36
0353_0013_0040_0039_0039.jpg 1 13 40 39 39
0354_0022_0012_0061_0061.jpg 1 22 12 61 61
0355_0015_0004_0057_0057.jpg 1 15 4 57 57
0356_0018_0008_0057_0057.jpg 1 18 8 57 57
0357_0011_0005_0067_0067.jpg 1 11 5 67 67
0358_0054_0055_0028_0028.jpg 1 54 55 28 28
0359_0013_0053_0033_0033.jpg 1 13 53 33 33
0360_0043_0013_0048_0048.jpg 1 43 13 48 48
0361_0033_0039_0051_0051.jpg 1 33 39 51 51
0362_0037_0019_0052_0052.jpg 1 37 19 52 52
0363_0015_0013_0069_0069.jpg 1 15 13 69 69
0364_0063_0027_0024_0024.jpg 1 63 27 24 24
0365_0063_0047_0028_0028.jpg 1 63 47 28 28
0366_0012_0039_0036_0036.jpg 1 12 39 36 36
0367_0035_0008_0037_0037.jpg 1 35 8 37 37
0368_0008_0025_0061_0061.jpg 1 8 25 61 61
0369_0037_0051_0032_0032.jpg 1 37 51 32 32
0370_0026_0005_0065_0065.jpg 1 26 5 65 65
0371_0014_0013_0056_0056.jpg 1 14 13 56 56
0372_0022_0059_0031_0031.jpg 1 22 59 31 31
0373_0006_0013_0055_0055.jpg 1 6 13 55 55
0374_0033_0021_0034_0034.jpg 1 33 21 34 34
0375_0034_0055_0024_0024.jpg 1 34 55 24 24
0376_0019_0039_0037_0037.jpg 1 19 39 37 37
0377_0020_0005_0069_0069.jpg 1 20 5 69 69
0378_0036_0025_0057_0057.jpg 1 36 25 57 57
0379_0013_0030_0063_0063.jpg 1 13 30 63 63
0380_0026_0031_0065_0065.jpg 1 26 31 65 65
0381_0032_0023_0064_0064.jpg 1 32 23 64 64
0382_0006_0022_0037_0037.jpg 1 6 22 37 37
0383_0055_0007_0034_0034.jpg 1 55 7 34 34
0384_0013_0019_0063_0063.jpg 1 13 19 63 63
0385_0030_0012_0047_0047.jpg 1 30 12 47 47
0386_0023_0053_0038_0038.jpg 1 23 53 38 38
0387_0014_0013_0069_0069.jpg 1 14 13 69 69
0388_0019_0042_0032_0032.jpg 1 19 42 32 32
0389_0030_0020_0052_0052.jpg 1 30 20 52 52
0390_0019_0019_0026_0026.jpg 1 19 19 26 26
0391_0028_0007_0046_0046.jpg 1 28 7 46 46
0392_0010_0010_0067_0067.jpg 1 10 10 67 67
0393_0037_0018_0048_0048.jpg 1 37 18 48 48
0394_0030_0037_0036_0036.jpg 1 30 37 36 36
0395_0009_0010_0028_0028.jpg 1 9 10 28 28
0396_0008_0028_0067_0067.jpg 1 8 28 67 67
0397_0047_0019_0037_0037.jpg 1 47 19 37 37
0398_0045_0034_0036_0036.jpg 1 45 34 36 36
0399_0028_0029_0046_0046.jpg 1 28 29 46 46
0400_0051_0030_0030_0030.jpg 1 51 30 30 30
0401_0064_0049_0025_0025.jpg 1 64 49 25 25
0402_0004_0038_0055_0055.jpg 1 4 38 55 55
0403_0047_0028_0034_0034.jpg 1 47 28 34 34
0404_0036_0047_0038_0038.jpg 1 36 47 38 38
0405_0030_0034_0053_0053.jpg 1 30 34 53 53
0406_0029_0012_0063_0063.jpg 1 29 12 63 63
0407_0035_0024_0046_0046.jpg 1 35 24 46 46
0408_0010_0012_0069_0069.jpg 1 10 12 69 69
0409_0053_0034_0037_0037.jpg 1 53 34 37 37
0410_0027_0011_0057_0057.jpg 1 27 11 57 57
0411_0028_0043_0051_0051.jpg 1 28 43 51 51
0412_0007_0008_0052_0052.jpg 1 7 8 52 52
0413_0011_0054_0030_0030.jpg 1 11 54 30 30
0414_0013_0025_0060_0060.jpg 1 13 25 60 60
0415_0037_0044_0046_0046.jpg 1 37 44 46 46
0416_0016_0016_0050_0050.jpg 1 16 16 50 50
0417_0057_0034_0036_0036.jpg 1 57 34 36 36
0418_0050_0006_0043_0043.jpg 1 50 6 43 43
0419_0033_0005_0058_0058.jpg 1 33 5 58 58
0420_0014_0007_0050_0050.jpg 1 14 7 50 50
0421_0046_0018_0041_0041.jpg 1 46 18 41 41
0422_0030_0013_0057_0057.jpg 1 30 13 57 57
0423_0041_0051_0037_0037.jpg 1 41 51 37 37
0424_0018_0023_0061_0061.jpg 1 18 23 61 61
0425_0039_0035_0034_0034.jpg 1 39 35 34 34
0426_0030_0006_0043_0043.jpg 1 30 6 43 43
0427_0027_0009_0068_0068.jpg 1 27 9 68 68
0428_0020_0019_0063_0063.jpg 1 20 19 63 63
0429_0040_0022_0025_0025.jpg 1 40 22 25 25
0430_0040_0012_0055_0055.jpg 1 40 12 55 55
0431_0021_0025_0043_0043.jpg 1 21 25 43 43
0432_0050_0012_0035_0035.jpg 1 50 12 35 35
0433_0011_0026_0058_0058.jpg 1 11 26 58 58
0434_0047_0023_0027_0027.jpg 1 47 23 27 27
0435_0026_0009_0050_0050.jpg 1 26 9 50 50
0436_0051_0031_0027_0027.jpg 1 51 31 27 27
0437_0039_0016_0031_0031.jpg 1 39 16 31 31
0438_0031_0017_0062_0062.jpg 1 31 17 62 62
0439_0013_0010_0069_0069.jpg 1 13 10 69 69
0440_0057_0063_0024_0024.jpg 1 57 63 24 24
0441_0014_0030_0046_0046.jpg 1 14 30 46 46
0442_0032_0037_0045_0045.jpg 1 32 37 45 45
0443_0021_0050_0034_0034.jpg 1 21 50 34 34
0444_0018_0049_0034_0034.jpg 1 18 49 34 34
0445_0022_0011_0037_0037.jpg 1 22 11 37 37
0446_0013_0040_0052_0052.jpg 1 13 40 52 52
0447_0049_0049_0036_0036.jpg 1 49 49 36 36
0448_0012_0016_0056_0056.jpg 1 12 16 56 56
0449_0034_0012_0038_0038.jpg 1 34 12 38 38
0450_0035_0061_0029_0029.jpg 1 35 61 29 29
0451_0020_0010_0069_0069.jpg 1 20 10 69 69
0452_0014_0006_0037_0037.jpg 1 14 6 37 37
0453_0014_0013_0055_0055.jpg 1 14 13 55 55
0454_0026_0027_0056_0056.jpg 1 26 27 56 56
0455_0006_0032_0034_0034.jpg 1 6 32 34 34
0456_0063_0015_0029_0029.jpg 1 63 15 29 29
0457_0032_0013_0049_0049.jpg 1 32 13 49 49
0458_0012_0047_0039_0039.jpg 1 12 47 39 39
0459_0005_0016_0055_0055.jpg 1 5 16 55 55
0460_0062_0034_0026_0026.jpg 1 62 34 26 26
0461_0022_0021_0060_0060.jpg 1 22 21 60 60
0462_0022_0042_0046_0046.jpg 1 22 42 46 46
0463_0011_0027_0068_0068.jpg 1 11 27 68 68
0464_0012_0021_0048_0048.jpg 1 12 21 48 48
0465_0037_0009_0057_0057.jpg 1 37 9 57 57
0466_0030_0050_0025_0025.jpg 1 30 50 25 25
0467_0025_0018_0055_0055.jpg 1 25 18 55 55
0468_0057_0036_0030_0030.jpg 1 57 36 30 30
0469_0053_0054_0036_0036.jpg 1 53 54 36 36
0470_0011_0014_0063_0063.jpg 1 11 14 63 63
0471_0035_0007_0060_0060.jpg 1 35 7 60 60
0472_0009_0021_0063_0063.jpg 1 9 21 63 63
0473_0024_0017_0057_0057.jpg 1 24 17 57 57
0474_0030_0020_0033_0033.jpg 1 30 20 33 33
0475_0012_0018_0069_0069.jpg 1 12 18 69 69
0476_0005_0026_0069_0069.jpg 1 5 26 69 69
0477_0046_0044_0033_0033.jpg 1 46 44 33 33
0478_0062_0031_0024_0024.jpg 1 62 31 24 24
0479_0026_0010_0046_0046.jpg 1 26 10 46 46
0480_0010_0012_0069_0069.jpg 1 10 12 69 69
0481_0042_0016_0042_0042.jpg 1 42 16 42 42
0482_0037_0021_0041_0041.jpg 1 37 21 41 41
0483_0035_0030_0051_0051.jpg 1 35 30 51 51
0484_0005_0027_0056_0056.jpg 1 5 27 56 56
0485_0034_0024_0060_0060.jpg 1 34 24 60 60
0486_0032_0030_0063_0063.jpg 1 32 30 63 63
0487_0036_0014_0057_0057.jpg 1 36 14 57 57
0488_0021_0013_0038_0038.jpg 1 21 13 38 38
0489_0021_0041_0050_0050.jpg 1 21 41 50 50
0490_0009_0014_0068_0068.jpg 1 9 14 68 68
0491_0007_0024_0049_0049.jpg 1 7 24 49 49
0492_0055_0046_0032_0032.jpg 1 55 46 32 32
0493_0011_0015_0063_0063.jpg 1 11 15 63 63
0494_0020_0039_0051_0051.jpg 1 20 39 51 51
0495_0011_0027_0062_0062.jpg 1 11 27 62 62
0496_0015_0048_0037_0037.jpg 1 15 48 37 37
0497_0014_0038_0054_0054.jpg 1 14 38 54 54
0498_0032_0016_0058_0058.jpg 1 32 16 58 58
0499_0036_0040_0052_0052.jpg 1 36 40 52 52
0500_0010_0043_0034_0034.jpg 1 10 43 34 34
0501_0040_0024_0050_0050.jpg 1 40 24 50 50
0502_0038_0023_0045_0045.jpg 1 38 23 45 45
0503_0039_0035_0042_0042.jpg 1 39 35 42 42
0504_0031_0034_0059_0059.jpg 1 31 34 59 59
0505_0032_0006_0053_0053.jpg 1 32 6 53 53
0506_0026_0025_0068_0068.jpg 1 26 25 68 68
0507_0012_0015_0068_0068.jpg 1 12 15 68 68
0508_0056_0049_0031_0031.jpg 1 56 49 31 31
0509_0034_0005_0053_0053.jpg 1 34 5 53 53
0510_0044_0009_0033_0033.jpg 1 44 9 33 33
0511_0031_0010_0061_0061.jpg 1 31 10 61 61
0512_0020_0029_0052_0052.jpg 1 20 29 52 52
0513_0024_0012_0049_0049.jpg 1 24 12 49 49
0514_0036_0027_0036_0036.jpg 1 36 27 36 36
0515_0006_0021_0062_0062.jpg 1 6 21 62 62
0516_0012_0023_0047_0047.jpg 1 12 23 47 47
0517_0056_0027_0035_0035.jpg 1 56 27 35 35
0518_0033_0033_0054_0054.jpg 1 33 33 54 54
0519_0041_0012_0048_0048.jpg 1 41 12 48 48
0520_0004_0009_0061_0061.jpg 1 4 9 61 61
0521_0010_0035_0044_0044.jpg 1 10 35 44 44
0522_0019_0035_0047_0047.jpg 1 19 35 47 47
0523_0021_0041_0036_0036.jpg 1 21 41 36 36
0524_0013_0026_0046_0046.jpg 1 13 26 46 46
0525_0012_0019_0069_0069.jpg 1 12 19 69 69
0526_0055_0026_0027_0027.jpg 1 55 26 27 27
0527_0040_0039_0051_0051.jpg 1 40 39 51 51
0528_0048_0010_0033_0033.jpg 1 48 10 33 33
0529_0035_0028_0050_0050.jpg 1 35 28 50 50
0530_0038_0020_0040_0040.jpg 1 38 20 40 40
0531_0031_0013_0057_0057.jpg 1 31 13 57 57
0532_0037_0044_0028_0028.jpg 1 37 44 28 28
0533_0018_0014_0059_0059.jpg 1 18 14 59 59
0534_0028_0008_0056_0056.jpg 1 28 8 56 56
0535_0016_0059_0032_0032.jpg 1 16 59 32 32
0536_0032_0031_0064_0064.jpg 1 32 31 64 64
0537_0008_0058_0027_0027.jpg 1 8 58 27 27
0538_0032_0026_0046_0046.jpg 1 32 26 46 46
0539_0037_0026_0040_0040.jpg 1 37 26 40 40
0540_0023_0029_0041_0041.jpg 1 23 29 41 41
0541_0017_0050_0036_0036.jpg 1 17 50 36 36
0542_0032_0010_0050_0050.jpg 1 32 10 50 50
0543_0008_0022_0060_0060.jpg 1 8 22 60 60
0544_0032_0029_0028_0028.jpg 1 32 29 28 28
0545_0009_0044_0026_0026.jpg 1 9 44 26 26
0546_0041_0015_0050_0050.jpg 1 41 15 50 50
0547_0055_0036_0038_0038.jpg 1 55 36 38 38
0548_0020_0048_0039_0039.jpg 1 20 48 39 39
0549_0035_0024_0030_0030.jpg 1 35 24 30 30
0550_0013_0022_0032_0032.jpg 1 13 22 32 32
0551_0006_0007_0063_0063.jpg 1 6 7 63 63
0552_0025_0013_0064_0064.jpg 1 25 13 64 64
0553_0031_0033_0063_0063.jpg 1 31 33 63 63
0554_0047_0036_0045_0045.jpg 1 47 36 45 45
0555_0044_0033_0041_0041.jpg 1 44 33 41 41
0556_0008_0014_0045_0045.jpg 1 8 14 45 45
0557_0005_0019_0066_0066.jpg 1 5 19 66 66
0558_0062_0017_0024_0024.jpg 1 62 17 24 24
0559_0023_0010_0042_0042.jpg 1 23 10 42 42
0560_0024_0045_0041_0041.jpg 1 24 45 41 41
0561_0033_0008_0030_0030.jpg 1 33 8 30 30
0562_0036_0008_0036_0036.jpg 1 36 8 36 36
0563_0043_0023_0025_0025.jpg 1 43 23 25 25
0564_0010_0027_0031_0031.jpg 1 10 27 31 31
0565_0044_0035_0050_0050.jpg 1 44 35 50 50
0566_0007_0053_0032_0032.jpg 1 7 53 32 32
0567_0036_0036_0057_0057.jpg 1 36 36 57 57
0568_0019_0031_0057_0057.jpg 1 19 31 57 57
0569_0048_0037_0039_0039.jpg 1 48 37 39 39
0570_0031_0032_0055_0055.jpg 1 31 32 55 55
0571_0023_0030_0066_0066.jpg 1 23 30 66 66
0572_0030_0007_0062_0062.jpg 1 30 7 62 62
0573_0010_0006_0048_0048.jpg 1 10 6 48 48
0574_0020_0009_0048_0048.jpg 1 20 9 48 48
0575_0009_0009_0068_0068.jpg 1 9 9 68 68
0576_0034_0013_0057_0057.jpg 1 34 13 57 57
0577_0029_0033_0063_0063.jpg 1 29 33 63 63
0578_0023_0040_0031_0031.jpg 1 23 40 31 31
0579_0037_0014_0052_0052.jpg 1 37 14 52 52
0580_0007_0051_0031_0031.jpg 1 7 51 31 31
0581_0045_0019_0031_0031.jpg 1 45 19 31 31
0582_0051_0020_0041_0041.jpg 1 51 20 41 41
0583_0012_0051_0036_0036.jpg 1 12 51 36 36
0584_0033_0041_0035_0035.jpg 1 33 41 35 35
0585_0019_0021_0062_0062.jpg 1 19 21 62 62
0586_0016_0010_0061_0061.jpg 1 16 10 61 61
0587_0006_0031_0037_0037.jpg 1 6 31 37 37
0588_0005_0024_0067_0067.jpg 1 5 24 67 67
0589_0038_0009_0042_0042.jpg 1 38 9 42 42
0590_0025_0021_0048_0048.jpg 1 25 21 48 48
0591_0021_0031_0045_0045.jpg 1 21 31 45 45
0592_0034_0020_0027_0027.jpg 1 34 20 27 27
0593_0045_0029_0034_0034.jpg 1 45 29 34 34
0594_0034_0020_0056_0056.jpg 1 34 20 56 56
0595_0009_0034_0051_0051.jpg 1 9 34 51 51
0596_0004_0012_0056_0056.jpg 1 4 12 56 56
0597_0046_0023_0035_0035.jpg 1 46 23 35 35
0598_0030_0005_0053_0053.jpg 1 30 5 53 53
0599_0023_0036_0054_0054.jpg 1 23 36 54 54
0600_0021_0008_0030_0030.jpg 1 21 8 30 30
0601_0032_0014_0045_0045.jpg 1 32 14 45 45
0602_0037_0007_0058_0058.jpg 1 37 7 58 58
0603_0014_0018_0063_0063.jpg 1 14 18 63 63
0604_0015_0033_0042_0042.jpg 1 15 33 42 42
0605_0043_0033_0050_0050.jpg 1 43 33 50 50
0606_0020_0043_0030_0030.jpg 1 20 43 30 30
0607_0043_0047_0036_0036.jpg 1 43 47 36 36
0608_0015_0012_0053_0053.jpg 1 15 12 53 53
0609_0017_0017_0066_0066.jpg 1 17 17 66 66
0610_0011_0008_0041_0041.jpg 1 11 8 41 41
0611_0031_0026_0060_0060.jpg 1 31 26 60 60
0612_0023_0021_0055_0055.jpg 1 23 21 55 55
0613_0038_0050_0040_0040.jpg 1 38 50 40 40
0614_0018_0034_0039_0039.jpg 1 18 34 39 39
0615_0017_0007_0048_0048.jpg 1 17 7 48 48
0616_0026_0016_0065_0065.jpg 1 26 16 65 65
0617_0014_0025_0064_0064.jpg 1 14 25 64 64
0618_0012_0032_0056_0056.jpg 1 12 32 56 56
0619_0023_0026_0028_0028.jpg 1 23 26 28 28
0620_0039_0031_0036_0036.jpg 1 39 31 36 36
0621_0048_0047_0039_0039.jpg 1 48 47 39 39
0622_0033_0011_0060_0060.jpg 1 33 11 60 60
0623_0012_0029_0050_0050.jpg 1 12 29 50 50
0624_0023_0008_0067_0067.jpg 1 23 8 67 67
0625_0023_0033_0043_0043.jpg 1 23 33 43 43
0626_0021_0029_0067_0067.jpg 1 21 29 67 67
0627_0027_0014_0064_0064.jpg 1 27 14 64 64
0628_0022_0011_0055_0055.jpg 1 22 11 55 55
0629_0036_0031_0053_0053.jpg 1 36 31 53 53
0630_0064_0008_0024_0024.jpg 1 64 8 24 24
0631_0025_0005_0054_0054.jpg 1 25 5 54 54
0632_0010_0049_0044_0044.jpg 1 10 49 44 44
0633_0032_0009_0057_0057.jpg 1 32 9 57 57
0634_0024_0029_0060_0060.jpg 1 24 29 60 60
0635_0048_0021_0035_0035.jpg 1 48 21 35 35
0636_0019_0054_0027_0027.jpg 1 19 54 27 27
0637_0025_0040_0044_0044.jpg 1 25 40 44 44
0638_0011_0046_0039_0039.jpg 1 11 46 39 39
0639_0028_0026_0035_0035.jpg 1 28 26 35 35
0640_0030_0017_0066_0066.jpg 1 30 17 66 66
0641_0034_0021_0061_0061.jpg 1 34 21 61 61
0642_0017_0040_0045_0045.jpg 1 17 40 45 45
0643_0030_0014_0065_0065.jpg 1 30 14 65 65
0644_0010_0018_0068_0068.jpg 1 10 18 68 68
0645_0018_0018_0065_0065.jpg 1 18 18 65 65
0646_0013_0007_0049_0049.jpg 1 13 7 49 49
0647_0013_0022_0027_0027.jpg 1 13 22 27 27
0648_0007_0062_0028_0028.jpg 1 7 62 28 28
0649_0037_0004_0058_0058.jpg 1 37 4 58 58
0650_0017_0024_0042_0042.jpg 1 17 24 42 42
0651_0007_0015_0053_0053.jpg 1 7 15 53 53
0652_0064_0035_0024_0024.jpg 1 64 35 24 24
0653_0020_0039_0026_0026.jpg 1 20 39 26 26
0654_0027_0027_0040_0040.jpg 1 27 27 40 40
0655_0026_0010_0067_0067.jpg 1 26 10 67 67
0656_0036_0023_0044_0044.jpg 1 36 23 44 44
0657_0022_0030_0042_0042.jpg 1 22 30 42 42
0658_0041_0029_0047_0047.jpg 1 41 29 47 47
0659_0012_0006_0060_0060.jpg 1 12 6 60 60
0660_0016_0037_0044_0044.jpg 1 16 37 44 44
0661_0021_0038_0029_0029.jpg 1 21 38 29 29
0662_0041_0029_0052_0052.jpg 1 41 29 52 52
0663_0012_0035_0050_0050.jpg 1 12 35 50 50
0664_0010_0011_0044_0044.jpg 1 10 11 44 44
0665_0034_0012_0051_0051.jpg 1 34 12 51 51
0666_0033_0034_0033_0033.jpg 1 33 34 33 33
0667_0009_0031_0026_0026.jpg 1 9 31 26 26
0668_0007_0037_0046_0046.jpg 1 7 37 46 46
0669_0018_0028_0059_0059.jpg 1 18 28 59 59
0670_0022_0019_0069_0069.jpg 1 22 19 69 69
0671_0029_0023_0064_0064.jpg 1 29 23 64 64
0672_0013_0044_0025_0025.jpg 1 13 44 25 25
0673_0022_0015_0057_0057.jpg 1 22 15 57 57
0674_0004_0003_0065_0065.jpg 1 4 3 65 65
0675_0013_0014_0046_0046.jpg 1 13 14 46 46
0676_0023_0004_0065_0065.jpg 1 23 4 65 65
0677_0023_0045_0034_0034.jpg 1 23 45 34 34
0678_0041_0043_0041_0041.jpg 1 41 43 41 41
0679_0015_0027_0057_0057.jpg 1 15 27 57 57
0680_0020_0037_0040_0040.jpg 1 20 37 40 40
0681_0036_0038_0032_0032.jpg 1 36 38 32 32
0682_0012_0033_0059_0059.jpg 1 12 33 59 59
0683_0021_0020_0061_0061.jpg 1 21 20 61 61
0684_0039_0008_0028_0028.jpg 1 39 8 28 28
0685_0010_0035_0038_0038.jpg 1 10 35 38 38
0686_0013_0023_0043_0043.jpg 1 13 23 43 43
0687_0006_0005_0061_0061.jpg 1 6 5 61 61
0688_0046_0045_0026_0026.jpg 1 46 45 26 26
0689_0009_0041_0044_0044.jpg 1 9 41 44 44
0690_0044_0018_0045_0045.jpg 1 44 18 45 45
0691_0033_0018_0034_0034.jpg 1 33 18 34 34
0692_0042_0048_0044_0044.jpg 1 42 48 44 44
0693_0009_0007_0053_0053.jpg 1 9 7 53 53
0694_0044_0059_0031_0031.jpg 1 44 59 31 31
0695_0020_0013_0069_0069.jpg 1 20 13 69 69
0696_0013_0023_0064_0064.jpg 1 13 23 64 64
0697_0018_0035_0033_0033.jpg 1 18 35 33 33
0698_0014_0006_0051_0051.jpg 1 14 6 51 51
0699_0038_0018_0047_0047.jpg 1 38 18 47 47
0700_0026_0028_0066_0066.jpg 1 26 28 66 66
0701_0044_0042_0038_0038.jpg 1 44 42 38 38
0702_0050_0022_0035_0035.jpg 1 50 22 35 35
0703_0016_0033_0038_0038.jpg 1 16 33 38 38
0704_0006_0019_0069_0069.jpg 1 6 19 69 69
0705_0025_0027_0033_0033.jpg 1 25 27 33 33
0706_0015_0028_0057_0057.jpg 1 15 28 57 57
0707_0011_0011_0062_0062.jpg 1 11 11 62 62
0708_0018_0015_0062_0062.jpg 1 18 15 62 62
0709_0046_0026_0046_0046.jpg 1 46 26 46 46
0710_0019_0024_0060_0060.jpg 1 19 24 60 60
0711_0027_0017_0067_0067.jpg 1 27 17 67 67
0712_0038_0058_0034_0034.jpg 1 38 58 34 34
0713_0021_0028_0062_0062.jpg 1 21 28 62 62
0714_0024_0007_0057_0057.jpg 1 24 7 57 57
0715_0014_0016_0067_0067.jpg 1 14 16 67 67
0716_0055_0034_0024_0024.jpg 1 55 34 24 24
0717_0018_0011_0041_0041.jpg 1 18 11 41 41
0718_0021_0021_0037_0037.jpg 1 21 21 37 37
0719_0020_0026_0054_0054.jpg 1 20 26 54 54
0720_0014_0012_0064_0064.jpg 1 14 12 64 64
0721_0013_0036_0058_0058.jpg 1 13 36 58 58
0722_0015_0059_0028_0028.jpg 1 15 59 28 28
0723_0009_0013_0046_0046.jpg 1 9 13 46 46
0724_0033_0007_0035_0035.jpg 1 33 7 35 35
0725_0047_0049_0035_0035.jpg 1 47 49 35 35
0726_0041_0039_0041_0041.jpg 1 41 39 41 41
0727_0050_0021_0029_0029.jpg 1 50 21 29 29
0728_0018_0031_0063_0063.jpg 1 18 31 63 63
0729_0020_0038_0040_0040.jpg 1 20 38 40 40
0730_0020_0005_0045_0045.jpg 1 20 5 45 45
0731_0042_0009_0036_0036.jpg 1 42 9 36 36
0732_0026_0007_0054_0054.jpg 1 26 7 54 54
0733_0015_0006_0069_0069.jpg 1 15 6 69 69
0734_0027_0023_0069_0069.jpg 1 27 23 69 69
0735_0052_0050_0027_0027.jpg 1 52 50 27 27
0736_0011_0016_0069_0069.jpg 1 11 16 69 69
0737_0019_0011_0069_0069.jpg 1 19 11 69 69
0738_0023_0007_0049_0049.jpg 1 23 7 49 49
0739_0042_0043_0045_0045.jpg 1 42 43 45 45
0740_0025_0036_0048_0048.jpg 1 25 36 48 48
0741_0041_0036_0024_0024.jpg 1 41 36 24 24
0742_0041_0016_0049_0049.jpg 1 41 16 49 49
0743_0035_0040_0037_0037.jpg 1 35 40 37 37
0744_0023_0026_0058_0058.jpg 1 23 26 58 58
0745_0009_0023_0057_0057.jpg 1 9 23 57 57
0746_0050_0043_0041_0041.jpg 1 50 43 41 41
0747_0036_0006_0051_0051.jpg 1 36 6 51 51
0748_0034_0035_0041_0041.jpg 1 34 35 41 41
0749_0014_0030_0051_0051.jpg 1 14 30 51 51
0750_0041_0006_0040_0040.jpg 1 41 6 40 40
0751_0021_0016_0048_0048.jpg 1 21 16 48 48
0752_0037_0068_0024_0024.jpg 1 37 68 24 24
0753_0023_0029_0051_0051.jpg 1 23 29 51 51
0754_0040_0007_0035_0035.jpg 1 40 7 35 35
0755_0015_0013_0064_0064.jpg 1 15 13 64 64
0756_0035_0012_0054_0054.jpg 1 35 12 54 54
0757_0010_0038_0035_0035.jpg 1 10 38 35 35
0758_0009_0021_0053_0053.jpg 1 9 21 53 53
0759_0029_0023_0051_0051.jpg 1 29 23 51 51
0760_0024_0008_0063_0063.jpg 1 24 8 63 63
0761_0040_0006_0049_0049.jpg 1 40 6 49 49
0762_0051_0029_0042_0042.jpg 1 51 29 42 42
0763_0022_0019_0062_0062.jpg 1 22 19 62 62
0764_0016_0028_0062_0062.jpg 1 16 28 62 62
0765_0027_0055_0035_0035.jpg 1 27 55 35 35
0766_0018_0012_0066_0066.jpg 1 18 12 66 66
0767_0024_0011_0055_0055.jpg 1 24 11 55 55
0768_0036_0035_0042_0042.jpg 1 36 35 42 42
0769_0006_0033_0035_0035.jpg 1 6 33 35 35
0770_0029_0020_0066_0066.jpg 1 29 20 66 66
0771_0033_0027_0043_0043.jpg 1 33 27 43 43
0772_0012_0030_0054_0054.jpg 1 12 30 54 54
0773_0009_0017_0048_0048.jpg 1 9 17 48 48
0774_0035_0061_0028_0028.jpg 1 35 61 28 28
0775_0014_0051_0035_0035.jpg 1 14 51 35 35
0776_0044_0046_0030_0030.jpg 1 44 46 30 30
0777_0024_0032_0056_0056.jpg 1 24 32 56 56
0778_0052_0026_0028_0028.jpg 1 52 26 28 28
0779_0012_0026_0064_0064.jpg 1 12 26 64 64
0780_0038_0021_0044_0044.jpg 1 38 21 44 44
0781_0035_0045_0049_0049.jpg 1 35 45 49 49
0782_0019_0016_0026_0026.jpg 1 19 16 26 26
0783_0017_0003_0063_0063.jpg 1 17 3 63 63
0784_0029_0010_0064_0064.jpg 1 29 10 64 64
0785_0025_0008_0056_0056.jpg 1 25 8 56 56
0786_0011_0063_0028_0028.jpg 1 11 63 28 28
0787_0047_0025_0042_0042.jpg 1 47 25 42 42
0788_0045_0017_0031_0031.jpg 1 45 17 31 31
0789_0017_0012_0050_0050.jpg 1 17 12 50 50
0790_0017_0006_0058_0058.jpg 1 17 6 58 58
0791_0042_0013_0052_0052.jpg 1 42 13 52 52
0792_0008_0005_0056_0056.jpg 1 8 5 56 56
0793_0008_0009_0061_0061.jpg 1 8 9 61 61
0794_0027_0064_0027_0027.jpg 1 27 64 27 27
0795_0032_0006_0036_0036.jpg 1 32 6 36 36
0796_0013_0020_0034_0034.jpg 1 13 20 34 34
0797_0029_0019_0049_0049.jpg 1 29 19 49 49
0798_0031_0010_0050_0050.jpg 1 31 10 50 50
0799_0008_0023_0040_0040.jpg 1 8 23 40 40
0800_0016_0022_0044_0044.jpg 1 16 22 44 44
0801_0013_0021_0068_0068.jpg 1 13 21 68 68
0802_0013_0025_0065_0065.jpg 1 13 25 65 65
0803_0033_0042_0037_0037.jpg 1 33 42 37 37
0804_0041_0029_0027_0027.jpg 1 41 29 27 27
0805_0021_0009_0033_0033.jpg 1 21 9 33 33
0806_0012_0038_0048_0048.jpg 1 12 38 48 48
0807_0043_0059_0028_0028.jpg 1 43 59 28 28
0808_0038_0029_0024_0024.jpg 1 38 29 24 24
0809_0014_0038_0057_0057.jpg 1 14 38 57 57
0810_0007_0034_0050_0050.jpg 1 7 34 50 50
0811_0043_0034_0034_0034.jpg 1 43 34 34 34
0812_0052_0056_0034_0034.jpg 1 52 56 34 34
0813_0011_0014_0067_0067.jpg 1 11 14 67 67
0814_0028_0026_0061_0061.jpg 1 28 26 61 61
0815_0035_0017_0039_0039.jpg 1 35 17 39 39
0816_0054_0035_0026_0026.jpg 1 54 35 26 26
0817_0029_0027_0065_0065.jpg 1 29 27 65 65
0818_0044_0036_0036_0036.jpg 1 44 36 36 36
0819_0044_0012_0024_0024.jpg 1 44 12 24 24
0820_0033_0035_0038_0038.jpg 1 33 35 38 38
0821_0004_0021_0067_0067.jpg 1 4 21 67 67
0822_0022_0012_0060_0060.jpg 1 22 12 60 60
0823_0046_0019_0026_0026.jpg 1 46 19 26 26
0824_0028_0007_0067_0067.jpg 1 28 7 67 67
0825_0036_0014_0049_0049.jpg 1 36 14 49 49
0826_0030_0008_0045_0045.jpg 1 30 8 45 45
0827_0033_0007_0054_0054.jpg 1 33 7 54 54
0828_0015_0023_0061_0061.jpg 1 15 23 61 61
0829_0025_0022_0049_0049.jpg 1 25 22 49 49
0830_0049_0017_0030_0030.jpg 1 49 17 30 30
0831_0005_0035_0057_0057.jpg 1 5 35 57 57
0832_0011_0011_0043_0043.jpg 1 11 11 43 43
0833_0048_0038_0025_0025.jpg 1 48 38 25 25
0834_0026_0034_0035_0035.jpg 1 26 34 35 35
0835_0020_0028_0055_0055.jpg 1 20 28 55 55
0836_0018_0024_0057_0057.jpg 1 18 24 57 57
0837_0026_0023_0067_0067.jpg 1 26 23 67 67
0838_0057_0009_0032_0032.jpg 1 57 9 32 32
0839_0021_0011_0063_0063.jpg 1 21 11 63 63
0840_0039_0026_0036_0036.jpg 1 39 26 36 36
0841_0048_0048_0027_0027.jpg 1 48 48 27 27
0842_0050_0049_0037_0037.jpg 1 50 49 37 37
0843_0029_0011_0042_0042.jpg 1 29 11 42 42
0844_0027_0033_0047_0047.jpg 1 27 33 47 47
0845_0028_0011_0046_0046.jpg 1 28 11 46 46
0846_0040_0053_0028_0028.jpg 1 40 53 28 28
0847_0015_0020_0044_0044.jpg 1 15 20 44 44
0848_0003_0023_0065_0065.jpg 1 3 23 65 65
0849_0063_0031_0025_0025.jpg 1 63 31 25 25
0850_0025_0054_0036_0036.jpg 1 25 54 36 36
0851_0038_0036_0055_0055.jpg 1 38 36 55 55
0852_0047_0053_0027_0027.jpg 1 47 53 27 27
0853_0033_0030_0057_0057.jpg 1 33 30 57 57
0854_0006_0036_0040_0040.jpg 1 6 36 40 40
0855_0034_0021_0050_0050.jpg 1 34 21 50 50
0856_0054_0021_0038_0038.jpg 1 54 21 38 38
0857_0026_0024_0041_0041.jpg 1 26 24 41 41
0858_0015_0032_0046_0046.jpg 1 15 32 46 46
0859_0028_0034_0040_0040.jpg 1 28 34 40 40
0860_0034_0026_0034_0034.jpg 1 34 26 34 34
0861_0024_0011_0065_0065.jpg 1 24 11 65 65
0862_0004_0018_0061_0061.jpg 1 4 18 61 61
0863_0016_0025_0069_0069.jpg 1 16 25 69 69
0864_0028_0029_0065_0065.jpg 1 28 29 65 65
0865_0023_0022_0069_0069.jpg 1 23 22 69 69
0866_0023_0016_0067_0067.jpg 1 23 16 67 67
0867_0032_0018_0049_0049.jpg 1 32 18 49 49
0868_0015_0017_0039_0039.jpg 1 15 17 39 39
0869_0013_0039_0044_0044.jpg 1 13 39 44 44
0870_0007_0025_0049_0049.jpg 1 7 25 49 49
0871_0005_0007_0051_0051.jpg 1 5 7 51 51
0872_0049_0040_0043_0043.jpg 1 49 40 43 43
0873_0044_0042_0043_0043.jpg 1 44 42 43 43
0874_0005_0023_0067_0067.jpg 1 5 23 67 67
0875_0014_0045_0046_0046.jpg 1 14 45 46 46
0876_0031_0006_0045_0045.jpg 1 31 6 45 45
0877_0019_0017_0047_0047.jpg 1 19 17 47 47
0878_0037_0049_0027_0027.jpg 1 37 49 27 27
0879_0005_0030_0057_0057.jpg 1 5 30 57 57
0880_0043_0041_0044_0044.jpg 1 43 41 44 44
0881_0063_0021_0026_0026.jpg 1 63 21 26 26
0882_0026_0023_0060_0060.jpg 1 26 23 60 60
0883_0005_0035_0055_0055.jpg 1 5 35 55 55
0884_0026_0011_0062_0062.jpg 1 26 11 62 62
0885_0013_0038_0056_0056.jpg 1 13 38 56 56
0886_0016_0025_0056_0056.jpg 1 16 25 56 56
0887_0007_0047_0045_0045.jpg 1 7 47 45 45
0888_0044_0043_0031_0031.jpg 1 44 43 31 31
0889_0033_0025_0059_0059.jpg 1 33 25 59 59
0890_0025_0024_0061_0061.jpg 1 25 24 61 61
0891_0006_0020_0067_0067.jpg 1 6 20 67 67
0892_0029_0019_0058_0058.jpg 1 29 19 58 58
0893_0056_0017_0034_0034.jpg 1 56 17 34 34
0894_0031_0021_0044_0044.jpg 1 31 21 44 44
0895_0008_0026_0028_0028.jpg 1 8 26 28 28
0896_0030_0023_0057_0057.jpg 1 30 23 57 57
0897_0028_0024_0064_0064.jpg 1 28 24 64 64
0898_0026_0010_0024_0024.jpg 1 26 10 24 24
0899_0008_0006_0067_0067.jpg 1 8 6 67 67
0900_0014_0015_0066_0066.jpg 1 14 15 66 66
0901_0045_0042_0045_0045.jpg 1 45 42 45 45
0902_0050_0040_0040_0040.jpg 1 50 40 40 40
0903_0030_0010_0025_0025.jpg 1 30 10 25 25
0904_0007_0006_0066_0066.jpg 1 7 6 66 66
0905_0011_0041_0037_0037.jpg 1 11 41 37 37
0906_0055_0022_0024_0024.jpg 1 55 22 24 24
0907_0017_0032_0053_0053.jpg 1 17 32 53 53
0908_0010_0034_0030_0030.jpg 1 10 34 30 30
0909_0063_0019_0027_0027.jpg 1 63 19 27 27
0910_0033_0011_0062_0062.jpg 1 33 11 62 62
0911_0030_0016_0060_0060.jpg 1 30 16 60 60
0912_0005_0024_0067_0067.jpg 1 5 24 67 67
0913_0039_0013_0024_0024.jpg 1 39 13 24 24
0914_0028_0030_0061_0061.jpg 1 28 30 61 61
0915_0034_0009_0047_0047.jpg 1 34 9 47 47
0916_0054_0025_0031_0031.jpg 1 54 25 31 31
0917_0010_0033_0027_0027.jpg 1 10 33 27 27
0918_0053_0029_0037_0037.jpg 1 53 29 37 37
0919_0030_0007_0045_0045.jpg 1 30 7 45 45
0920_0041_0050_0034_0034.jpg 1 41 50 34 34
0921_0008_0020_0049_0049.jpg 1 8 20 49 49
0922_0008_0051_0042_0042.jpg 1 8 51 42 42
0923_0047_0021_0036_0036.jpg 1 47 21 36 36
0924_0037_0015_0041_0041.jpg 1 37 15 41 41
0925_0016_0040_0025_0025.jpg 1 16 40 25 25
0926_0021_0027_0069_0069.jpg 1 21 27 69 69
0927_0047_0042_0042_0042.jpg 1 47 42 42 42
0928_0042_0050_0031_0031.jpg 1 42 50 31 31
0929_0009_0013_0053_0053.jpg 1 9 13 53 53
0930_0009_0010_0057_0057.jpg 1 9 10 57 57
0931_0009_0011_0068_0068.jpg 1 9 11 68 68
0932_0010_0009_0057_0057.jpg 1 10 9 57 57
0933_0021_0027_0033_0033.jpg 1 21 27 33 33
0934_0041_0031_0048_0048.jpg 1 41 31 48 48
0935_0029_0028_0057_0057.jpg 1 29 28 57 57
0936_0036_0010_0043_0043.jpg 1 36 10 43 43
0937_0021_0049_0041_0041.jpg 1 21 49 41 41
0938_0056_0019_0030_0030.jpg 1 56 19 30 30
0939_0014_0029_0065_0065.jpg 1 14 29 65 65
0940_0040_0007_0054_0054.jpg 1 40 7 54 54
0941_0054_0049_0034_0034.jpg 1 54 49 34 34
0942_0014_0011_0067_0067.jpg 1 14 11 67 67
0943_0029_0041_0044_0044.jpg 1 29 41 44 44
0944_0020_0028_0043_0043.jpg 1 20 28 43 43
0945_0026_0051_0042_0042.jpg 1 26 51 42 42
0946_0028_0029_0055_0055.jpg 1 28 29 55 55
0947_0032_0043_0048_0048.jpg 1 32 43 48 48
0948_0018_0029_0050_0050.jpg 1 18 29 50 50
0949_0030_0049_0033_0033.jpg 1 30 49 33 33
0950_0036_0026_0027_0027.jpg 1 36 26 27 27
0951_0039_0019_0026_0026.jpg 1 39 19 26 26
0952_0031_0012_0034_0034.jpg 1 31 12 34 34
0953_0020_0064_0027_0027.jpg 1 20 64 27 27
0954_0018_0013_0058_0058.jpg 1 18 13 58 58
0955_0039_0029_0041_0041.jpg 1 39 29 41 41
0956_0024_0040_0039_0039.jpg 1 24 40 39 39
0957_0039_0014_0037_0037.jpg 1 39 14 37 37
0958_0057_0028_0033_0033.jpg 1 57 28 33 33
0959_0028_0020_0065_0065.jpg 1 28 20 65 65
0960_0037_0026_0033_0033.jpg 1 37 26 33 33
0961_0017_0025_0063_0063.jpg 1 17 25 63 63
0962_0012_0012_0064_0064.jpg 1 12 12 64 64
0963_0030_0011_0038_0038.jpg 1 30 11 38 38
0964_0022_0033_0061_0061.jpg 1 22 33 61 61
0965_0041_0044_0038_0038.jpg 1 41 44 38 38
0966_0011_0021_0054_0054.jpg 1 11 21 54 54
0967_0029_0007_0065_0065.jpg 1 29 7 65 65
0968_0031_0014_0059_0059.jpg 1 31 14 59 59
0969_0067_0019_0025_0025.jpg 1 67 19 25 25
0970_0043_0026_0040_0040.jpg 1 43 26 40 40
0971_0028_0014_0039_0039.jpg 1 28 14 39 39
0972_0036_0026_0040_0040.jpg 1 36 26 40 40
0973_0029_0009_0063_0063.jpg 1 29 9 63 63
0974_0023_0025_0060_0060.jpg 1 23 25 60 60
0975_0034_0053_0025_0025.jpg 1 34 53 25 25
0976_0012_0030_0048_0048.jpg 1 12 30 48 48
0977_0055_0026_0036_0036.jpg 1 55 26 36 36
0978_0045_0031_0026_0026.jpg 1 45 31 26 26
0979_0017_0037_0051_0051.jpg 1 17 37 51 51
0980_0018_0008_0037_0037.jpg 1 18 8 37 37
0981_0007_0019_0049_0049.jpg 1 7 19 49 49
0982_0018_0041_0025_0025.jpg 1 18 41 25 25
0983_0021_0020_0068_0068.jpg 1 21 20 68 68
0984_0020_0024_0063_0063.jpg 1 20 24 63 63
0985_0030_0045_0028_0028.jpg 1 30 45 28 28
0986_0044_0034_0032_0032.jpg 1 44 34 32 32
0987_0024_0023_0055_0055.jpg 1 24 23 55 55
0988_0027_0023_0067_0067.jpg 1 27 23 67 67
0989_0021_0008_0051_0051.jpg 1 21 8 51 51
0990_0033_0035_0061_0061.jpg 1 33 35 61 61
0991_0041_0058_0030_0030.jpg 1 41 58 30 30
0992_0027_0030_0053_0053.jpg 1 27 30 53 53
0993_0047_0027_0033_0033.jpg 1 47 27 33 33
0994_0028_0015_0055_0055.jpg 1 28 15 55 55
0995_0015_0016_0062_0062.jpg 1 15 16 62 62
0996_0004_0005_0068_0068.jpg 1 4 5 68 68
0997_0045_0019_0032_0032.jpg 1 45 19 32 32
0998_0036_0022_0059_0059.jpg 1 36 22 59 59
0999_0016_0039_0024_0024.jpg 1 16 39 24 24
1000_0006_0018_0054_0054.jpg 1 6 18 54 54
1001_0040_0048_0038_0038.jpg 1 40 48 38 38
1002_0038_0022_0056_0056.jpg 1 38 22 56 56
1003_0040_0026_0051_0051.jpg 1 40 26 51 51
1004_0026_0023_0062_0062.jpg 1 26 23 62 62
1005_0012_0053_0032_0032.jpg 1 12 53 32 32
1006_0032_0056_0031_0031.jpg 1 32 56 31 31
1007_0033_0034_0036_0036.jpg 1 33 34 36 36
1008_0013_0034_0058_0058.jpg 1 13 34 58 58
1009_0025_0011_0067_0067.jpg 1 25 11 67 67
1010_0043_0017_0024_0024.jpg 1 43 17 24 24
1011_0015_0033_0030_0030.jpg 1 15 33 30 30
1012_0044_0053_0029_0029.jpg 1 44 53 29 29
1013_0012_0021_0048_0048.jpg 1 12 21 48 48
1014_0016_0032_0048_0048.jpg 1 16 32 48 48
1015_0028_0021_0048_0048.jpg 1 28 21 48 48
1016_0009_0039_0043_0043.jpg 1 9 39 43 43
1017_0039_0005_0048_0048.jpg 1 39 5 48 48
1018_0003_0013_0069_0069.jpg 1 3 13 69 69
1019_0019_0022_0067_0067.jpg 1 19 22 67 67
1020_0021_0027_0035_0035.jpg 1 21 27 35 35
1021_0008_0051_0028_0028.jpg 1 8 51 28 28
1022_0014_0006_0067_0067.jpg 1 14 6 67 67
1023_0013_0035_0031_0031.jpg 1 13 35 31 31
1024_0012_0007_0057_0057.jpg 1 12 7 57 57
1025_0029_0026_0067_0067.jpg 1 29 26 67 67
1026_0025_0024_0062_0062.jpg 1 25 24 62 62
1027_0024_0006_0056_0056.jpg 1 24 6 56 56
1028_0032_0009_0061_0061.jpg 1 32 9 61 61
1029_0009_0005_0068_0068.jpg 1 9 5 68 68
1030_0016_0010_0065_0065.jpg 1 16 10 65 65
1031_0026_0015_0049_0049.jpg 1 26 15 49 49
1032_0013_0012_0067_0067.jpg 1 13 12 67 67
1033_0063_0017_0027_0027.jpg 1 63 17 27 27
1034_0012_0028_0067_0067.jpg 1 12 28 67 67
1035_0034_0024_0045_0045.jpg 1 34 24 45 45
1036_0050_0034_0034_0034.jpg 1 50 34 34 34
1037_0044_0034_0039_0039.jpg 1 44 34 39 39
1038_0020_0036_0057_0057.jpg 1 20 36 57 57
1039_0008_0028_0024_0024.jpg 1 8 28 24 24
1040_0027_0022_0067_0067.jpg 1 27 22 67 67
1041_0009_0018_0053_0053.jpg 1 9 18 53 53
1042_0007_0011_0063_0063.jpg 1 7 11 63 63
1043_0004_0022_0063_0063.jpg 1 4 22 63 63
1044_0016_0006_0068_0068.jpg 1 16 6 68 68
1045_0063_0039_0029_0029.jpg 1 63 39 29 29
1046_0014_0032_0061_0061.jpg 1 14 32 61 61
1047_0010_0045_0035_0035.jpg 1 10 45 35 35
1048_0045_0043_0038_0038.jpg 1 45 43 38 38
1049_0028_0010_0048_0048.jpg 1 28 10 48 48
1050_0026_0020_0058_0058.jpg 1 26 20 58 58
1051_0024_0014_0051_0051.jpg 1 24 14 51 51
1052_0014_0028_0059_0059.jpg 1 14 28 59 59
1053_0019_0062_0027_0027.jpg 1 19 62 27 27
1054_0031_0011_0062_0062.jpg 1 31 11 62 62
1055_0027_0015_0053_0053.jpg 1 27 15 53 53
1056_0027_0010_0030_0030.jpg 1 27 10 30 30
1057_0039_0006_0042_0042.jpg 1 39 6 42 42
1058_0038_0020_0038_0038.jpg 1 38 20 38 38
1059_0021_0034_0050_0050.jpg 1 21 34 50 50
1060_0067_0019_0025_0025.jpg 1 67 19 25 25
1061_0031_0029_0065_0065.jpg 1 31 29 65 65
1062_0017_0004_0060_0060.jpg 1 17 4 60 60
1063_0004_0003_0069_0069.jpg 1 4 3 69 69
1064_0032_0035_0060_0060.jpg 1 32 35 60 60
1065_0029_0012_0051_0051.jpg 1 29 12 51 51
1066_0008_0065_0026_0026.jpg 1 8 65 26 26
1067_0023_0021_0065_0065.jpg 1 23 21 65 65
1068_0009_0051_0039_0039.jpg 1 9 51 39 39
1069_0006_0007_0069_0069.jpg 1 6 7 69 69
1070_0027_0041_0032_0032.jpg 1 27 41 32 32
1071_0014_0026_0064_0064.jpg 1 14 26 64 64
1072_0025_0034_0048_0048.jpg 1 25 34 48 48
1073_0041_0020_0043_0043.jpg 1 41 20 43 43
1074_0008_0008_0045_0045.jpg 1 8 8 45 45
1075_0061_0027_0025_0025.jpg 1 61 27 25 25
1076_0043_0010_0040_0040.jpg 1 43 10 40 40
1077_0011_0025_0053_0053.jpg 1 11 25 53 53
1078_0024_0010_0068_0068.jpg 1 24 10 68 68
1079_0038_0033_0049_0049.jpg 1 38 33 49 49
1080_0026_0011_0042_0042.jpg 1 26 11 42 42
1081_0059_0036_0030_0030.jpg 1 59 36 30 30
1082_0024_0027_0048_0048.jpg 1 24 27 48 48
1083_0047_0028_0035_0035.jpg 1 47 28 35 35
1084_0006_0016_0047_0047.jpg 1 6 16 47 47
1085_0019_0031_0041_0041.jpg 1 19 31 41 41
1086_0035_0021_0051_0051.jpg 1 35 21 51 51
1087_0051_0038_0033_0033.jpg 1 51 38 33 33
1088_0027_0030_0046_0046.jpg 1 27 30 46 46
1089_0022_0042_0052_0052.jpg 1 22 42 52 52
1090_0027_0059_0027_0027.jpg 1 27 59 27 27
1091_0021_0018_0066_0066.jpg 1 21 18 66 66
1092_0016_0045_0044_0044.jpg 1 16 45 44 44
1093_0018_0044_0029_0029.jpg 1 18 44 29 29
1094_0016_0027_0068_0068.jpg 1 16 27 68 68
1095_0014_0032_0059_0059.jpg 1 14 32 59 59
1096_0011_0016_0066_0066.jpg 1 11 16 66 66
1097_0020_0055_0036_0036.jpg 1 20 55 36 36
1098_0005_0020_0064_0064.jpg 1 5 20 64 64
1099_0031_0044_0030_0030.jpg 1 31 44 30 30
1100_0016_0022_0032_0032.jpg 1 16 22 32 32
1101_0032_0051_0030_0030.jpg 1 32 51 30 30
1102_0020_0032_0061_0061.jpg 1 20 32 61 61
1103_0053_0044_0032_0032.jpg 1 53 44 32 32
1104_0010_0046_0038_0038.jpg 1 10 46 38 38
1105_0018_0014_0052_0052.jpg 1 18 14 52 52
1106_0032_0010_0061_0061.jpg 1 32 10 61 61
1107_0026_0048_0036_0036.jpg 1 26 48 36 36
1108_0010_0035_0059_0059.jpg 1 10 35 59 59
1109_0008_0057_0028_0028.jpg 1 8 57 28 28
1110_0006_0022_0066_0066.jpg 1 6 22 66 66
1111_0015_0013_0047_0047.jpg 1 15 13 47 47
1112_0027_0039_0054_0054.jpg 1 27 39 54 54
1113_0006_0034_0061_0061.jpg 1 6 34 61 61
1114_0037_0029_0056_0056.jpg 1 37 29 56 56
1115_0033_0020_0062_0062.jpg 1 33 20 62 62
1116_0067_0010_0024_0024.jpg 1 67 10 24 24
1117_0030_0023_0065_0065.jpg 1 30 23 65 65
1118_0030_0055_0031_0031.jpg 1 30 55 31 31
1119_0056_0014_0030_0030.jpg 1 56 14 30 30
1120_0003_0025_0069_0069.jpg 1 3 25 69 69
1121_0019_0008_0033_0033.jpg 1 19 8 33 33
1122_0017_0024_0029_0029.jpg 1 17 24 29 29
1123_0004_0010_0069_0069.jpg 1 4 10 69 69
1124_0058_0019_0024_0024.jpg 1 58 19 24 24
1125_0014_0049_0038_0038.jpg 1 14 49 38 38
1126_0028_0026_0030_0030.jpg 1 28 26 30 30
1127_0036_0012_0059_0059.jpg 1 36 12 59 59
1128_0005_0031_0063_0063.jpg 1 5 31 63 63
1129_0004_0037_0057_0057.jpg 1 4 37 57 57
1130_0032_0023_0034_0034.jpg 1 32 23 34 34
1131_0031_0023_0061_0061.jpg 1 31 23 61 61
1132_0052_0012_0040_0040.jpg 1 52 12 40 40
1133_0014_0008_0041_0041.jpg 1 14 8 41 41
1134_0035_0013_0037_0037.jpg 1 35 13 37 37
1135_0021_0005_0060_0060.jpg 1 21 5 60 60
1136_0005_0033_0060_0060.jpg 1 5 33 60 60
1137_0023_0015_0032_0032.jpg 1 23 15 32 32
1138_0026_0008_0054_0054.jpg 1 26 8 54 54
1139_0042_0026_0047_0047.jpg 1 42 26 47 47
1140_0022_0009_0041_0041.jpg 1 22 9 41 41
1141_0012_0008_0067_0067.jpg 1 12 8 67 67
1142_0029_0038_0045_0045.jpg 1 29 38 45 45
1143_0019_0030_0031_0031.jpg 1 19 30 31 31
1144_0016_0040_0030_0030.jpg 1 16 40 30 30
1145_0019_0008_0049_0049.jpg 1 19 8 49 49
1146_0024_0014_0061_0061.jpg 1 24 14 61 61
1147_0025_0051_0041_0041.jpg 1 25 51 41 41
1148_0035_0023_0047_0047.jpg 1 35 23 47 47
1149_0044_0043_0026_0026.jpg 1 44 43 26 26
1150_0016_0010_0054_0054.jpg 1 16 10 54 54
1151_0034_0004_0061_0061.jpg 1 34 4 61 61
1152_0012_0026_0064_0064.jpg 1 12 26 64 64
1153_0018_0028_0041_0041.jpg 1 18 28 41 41
1154_0015_0008_0041_0041.jpg 1 15 8 41 41
1155_0028_0036_0043_0043.jpg 1 28 36 43 43
1156_0020_0009_0054_0054.jpg 1 20 9 54 54
1157_0010_0021_0060_0060.jpg 1 10 21 60 60
1158_0038_0032_0047_0047.jpg 1 38 32 47 47
1159_0006_0020_0035_0035.jpg 1 6 20 35 35
1160_0004_0031_0053_0053.jpg 1 4 31 53 53
1161_0031_0019_0050_0050.jpg 1 31 19 50 50
1162_0006_0011_0038_0038.jpg 1 6 11 38 38
1163_0025_0015_0052_0052.jpg 1 25 15 52 52
1164_0033_0030_0029_0029.jpg 1 33 30 29 29
1165_0014_0031_0062_0062.jpg 1 14 31 62 62
1166_0029_0016_0052_0052.jpg 1 29 16 52 52
1167_0012_0015_0030_0030.jpg 1 12 15 30 30
1168_0025_0036_0052_0052.jpg 1 25 36 52 52
1169_0025_0020_0041_0041.jpg 1 25 20 41 41
1170_0041_0029_0033_0033.jpg 1 41 29 33 33
1171_0033_0033_0024_0024.jpg 1 33 33 24 24
1172_0016_0040_0029_0029.jpg 1 16 40 29 29
1173_0025_0013_0068_0068.jpg 1 25 13 68 68
1174_0034_0010_0052_0052.jpg 1 34 10 52 52
1175_0041_0037_0029_0029.jpg 1 41 37 29 29
1176_0029_0016_0056_0056.jpg 1 29 16 56 56
1177_0030_0029_0058_0058.jpg 1 30 29 58 58
1178_0034_0036_0030_0030.jpg 1 34 36 30 30
1179_0050_0030_0042_0042.jpg 1 50 30 42 42
1180_0021_0039_0029_0029.jpg 1 21 39 29 29
1181_0042_0028_0048_0048.jpg 1 42 28 48 48
1182_0039_0019_0054_0054.jpg 1 39 19 54 54
1183_0016_0013_0058_0058.jpg 1 16 13 58 58
1184_0022_0019_0061_0061.jpg 1 22 19 61 61
1185_0034_0067_0024_0024.jpg 1 34 67 24 24
1186_0022_0013_0062_0062.jpg 1 22 13 62 62
1187_0028_0004_0067_0067.jpg 1 28 4 67 67
1188_0037_0019_0058_0058.jpg 1 37 19 58 58
1189_0039_0016_0053_0053.jpg 1 39 16 53 53
1190_0040_0058_0024_0024.jpg 1 40 58 24 24
1191_0014_0040_0049_0049.jpg 1 14 40 49 49
1192_0025_0029_0051_0051.jpg 1 25 29 51 51
1193_0062_0047_0025_0025.jpg 1 62 47 25 25
1194_0046_0047_0027_0027.jpg 1 46 47 27 27
1195_0047_0046_0030_0030.jpg 1 47 46 30 30
1196_0039_0008_0026_0026.jpg 1 39 8 26 26
1197_0029_0013_0058_0058.jpg 1 29 13 58 58
1198_0015_0025_0066_0066.jpg 1 15 25 66 66
1199_0014_0024_0060_0060.jpg 1 14 24 60 60
1200_0056_0020_0028_0028.jpg 1 56 20 28 28
1201_0042_0019_0042_0042.jpg 1 42 19 42 42
1202_0012_0029_0066_0066.jpg 1 12 29 66 66
1203_0008_0017_0041_0041.jpg 1 8 17 41 41
1204_0021_0010_0055_0055.jpg 1 21 10 55 55
1205_0016_0032_0029_0029.jpg 1 16 32 29 29
1206_0018_0033_0058_0058.jpg 1 18 33 58 58
1207_0006_0011_0065_0065.jpg 1 6 11 65 65
1208_0016_0030_0063_0063.jpg 1 16 30 63 63
1209_0059_0053_0025_0025.jpg 1 59 53 25 25
1210_0029_0049_0045_0045.jpg 1 29 49 45 45
1211_0020_0032_0047_0047.jpg 1 20 32 47 47
1212_0021_0025_0053_0053.jpg 1 21 25 53 53
1213_0028_0029_0058_0058.jpg 1 28 29 58 58
1214_0033_0034_0037_0037.jpg 1 33 34 37 37
1215_0020_0057_0025_0025.jpg 1 20 57 25 25
1216_0028_0014_0025_0025.jpg 1 28 14 25 25
1217_0013_0017_0067_0067.jpg 1 13 17 67 67
1218_0024_0033_0034_0034.jpg 1 24 33 34 34
1219_0047_0026_0040_0040.jpg 1 47 26 40 40
1220_0018_0016_0050_0050.jpg 1 18 16 50 50
1221_0036_0009_0052_0052.jpg 1 36 9 52 52
1222_0023_0022_0066_0066.jpg 1 23 22 66 66
1223_0030_0010_0054_0054.jpg 1 30 10 54 54
1224_0016_0014_0030_0030.jpg 1 16 14 30 30
1225_0044_0041_0050_0050.jpg 1 44 41 50 50
1226_0027_0033_0043_0043.jpg 1 27 33 43 43
1227_0014_0003_0069_0069.jpg 1 14 3 69 69
1228_0015_0026_0050_0050.jpg 1 15 26 50 50
1229_0016_0036_0046_0046.jpg 1 16 36 46 46
1230_0015_0024_0040_0040.jpg 1 15 24 40 40
1231_0046_0042_0034_0034.jpg 1 46 42 34 34
1232_0021_0052_0032_0032.jpg 1 21 52 32 32
1233_0021_0012_0063_0063.jpg 1 21 12 63 63
1234_0054_0067_0024_0024.jpg 1 54 67 24 24
1235_0044_0024_0034_0034.jpg 1 44 24 34 34
1236_0007_0006_0064_0064.jpg 1 7 6 64 64
1237_0019_0020_0055_0055.jpg 1 19 20 55 55
1238_0036_0032_0058_0058.jpg 1 36 32 58 58
1239_0016_0027_0068_0068.jpg 1 16 27 68 68
1240_0019_0012_0066_0066.jpg 1 19 12 66 66
1241_0027_0021_0046_0046.jpg 1 27 21 46 46
1242_0049_0028_0041_0041.jpg 1 49 28 41 41
1243_0052_0032_0034_0034.jpg 1 52 32 34 34
1244_0031_0049_0035_0035.jpg 1 31 49 35 35
1245_0016_0008_0063_0063.jpg 1 16 8 63 63
1246_0021_0005_0048_0048.jpg 1 21 5 48 48
1247_0026_0012_0066_0066.jpg 1 26 12 66 66
1248_0035_0007_0039_0039.jpg 1 35 7 39 39
1249_0038_0010_0049_0049.jpg 1 38 10 49 49
1250_0015_0053_0039_0039.jpg 1 15 53 39 39
1251_0007_0054_0038_0038.jpg 1 7 54 38 38
1252_0034_0015_0061_0061.jpg 1 34 15 61 61
1253_0047_0044_0029_0029.jpg 1 47 44 29 29
1254_0024_0031_0026_0026.jpg 1 24 31 26 26
1255_0040_0051_0038_0038.jpg 1 40 51 38 38
1256_0031_0010_0040_0040.jpg 1 31 10 40 40
1257_0020_0031_0049_0049.jpg 1 20 31 49 49
1258_0009_0014_0067_0067.jpg 1 9 14 67 67
1259_0017_0017_0065_0065.jpg 1 17 17 65 65
1260_0037_0034_0026_0026.jpg 1 37 34 26 26
1261_0026_0014_0059_0059.jpg 1 26 14 59 59
1262_0018_0003_0068_0068.jpg 1 18 3 68 68
1263_0067_0052_0025_0025.jpg 1 67 52 25 25
1264_0049_0032_0024_0024.jpg 1 49 32 24 24
1265_0012_0050_0041_0041.jpg 1 12 50 41 41
1266_0016_0031_0036_0036.jpg 1 16 31 36 36
1267_0018_0034_0051_0051.jpg 1 18 34 51 51
1268_0039_0011_0048_0048.jpg 1 39 11 48 48
1269_0019_0015_0031_0031.jpg 1 19 15 31 31
1270_0010_0027_0066_0066.jpg 1 10 27 66 66
1271_0008_0030_0062_0062.jpg 1 8 30 62 62
1272_0058_0043_0032_0032.jpg 1 58 43 32 32
1273_0008_0009_0059_0059.jpg 1 8 9 59 59
1274_0018_0035_0053_0053.jpg 1 18 35 53 53
1275_0017_0013_0069_0069.jpg 1 17 13 69 69
1276_0018_0026_0056_0056.jpg 1 18 26 56 56
1277_0038_0042_0042_0042.jpg 1 38 42 42 42
1278_0028_0025_0044_0044.jpg 1 28 25 44 44
1279_0044_0061_0029_0029.jpg 1 44 61 29 29
1280_0011_0022_0024_0024.jpg 1 11 22 24 24
1281_0016_0033_0044_0044.jpg 1 16 33 44 44
1282_0030_0004_0064_0064.jpg 1 30 4 64 64
1283_0054_0048_0037_0037.jpg 1 54 48 37 37
1284_0027_0007_0069_0069.jpg 1 27 7 69 69
1285_0022_0014_0068_0068.jpg 1 22 14 68 68
1286_0010_0053_0028_0028.jpg 1 10 53 28 28
1287_0034_0022_0038_0038.jpg 1 34 22 38 38
1288_0051_0046_0026_0026.jpg 1 51 46 26 26
1289_0020_0035_0060_0060.jpg 1 20 35 60 60
1290_0031_0012_0041_0041.jpg 1 31 12 41 41
1291_0006_0039_0035_0035.jpg 1 6 39 35 35
1292_0049_0041_0027_0027.jpg 1 49 41 27 27
1293_0034_0037_0049_0049.jpg 1 34 37 49 49
1294_0016_0033_0033_0033.jpg 1 16 33 33 33
1295_0047_0010_0035_0035.jpg 1 47 10 35 35
1296_0020_0006_0043_0043.jpg 1 20 6 43 43
1297_0035_0054_0039_0039.jpg 1 35 54 39 39
1298_0051_0025_0031_0031.jpg 1 51 25 31 31
1299_0014_0020_0061_0061.jpg 1 14 20 61 61
1300_0018_0023_0040_0040.jpg 1 18 23 40 40
1301_0026_0013_0055_0055.jpg 1 26 13 55 55
1302_0037_0017_0045_0045.jpg 1 37 17 45 45
1303_0023_0038_0040_0040.jpg 1 23 38 40 40
1304_0033_0024_0041_0041.jpg 1 33 24 41 41
1305_0034_0027_0055_0055.jpg 1 34 27 55 55
1306_0028_0041_0053_0053.jpg 1 28 41 53 53
1307_0010_0022_0052_0052.jpg 1 10 22 52 52
1308_0012_0038_0051_0051.jpg 1 12 38 51 51
1309_0008_0063_0025_0025.jpg 1 8 63 25 25
1310_0034_0020_0035_0035.jpg 1 34 20 35 35
1311_0024_0022_0032_0032.jpg 1 24 22 32 32
1312_0005_0008_0066_0066.jpg 1 5 8 66 66
1313_0018_0025_0068_0068.jpg 1 18 25 68 68
1314_0013_0009_0060_0060.jpg 1 13 9 60 60
1315_0054_0025_0032_0032.jpg 1 54 25 32 32
1316_0053_0052_0041_0041.jpg 1 53 52 41 41
1317_0017_0034_0031_0031.jpg 1 17 34 31 31
1318_0014_0041_0045_0045.jpg 1 14 41 45 45
1319_0048_0029_0035_0035.jpg 1 48 29 35 35
1320_0010_0022_0068_0068.jpg 1 10 22 68 68
1321_0011_0013_0069_0069.jpg 1 11 13 69 69
1322_0034_0022_0039_0039.jpg 1 34 22 39 39
1323_0019_0021_0053_0053.jpg 1 19 21 53 53
1324_0014_0023_0067_0067.jpg 1 14 23 67 67
1325_0044_0050_0034_0034.jpg 1 44 50 34 34
1326_0035_0017_0047_0047.jpg 1 35 17 47 47
1327_0009_0008_0067_0067.jpg 1 9 8 67 67
1328_0018_0028_0067_0067.jpg 1 18 28 67 67
1329_0033_0050_0027_0027.jpg 1 33 50 27 27
1330_0033_0050_0028_0028.jpg 1 33 50 28 28
1331_0041_0034_0045_0045.jpg 1 41 34 45 45
1332_0007_0016_0034_0034.jpg 1 7 16 34 34
1333_0008_0042_0045_0045.jpg 1 8 42 45 45
1334_0063_0021_0028_0028.jpg 1 63 21 28 28
1335_0028_0009_0034_0034.jpg 1 28 9 34 34
1336_0032_0010_0063_0063.jpg 1 32 10 63 63
1337_0039_0017_0027_0027.jpg 1 39 17 27 27
1338_0034_0019_0060_0060.jpg 1 34 19 60 60
1339_0019_0007_0044_0044.jpg 1 19 7 44 44
1340_0012_0024_0068_0068.jpg 1 12 24 68 68
1341_0029_0018_0050_0050.jpg 1 29 18 50 50
1342_0047_0050_0031_0031.jpg 1 47 50 31 31
1343_0022_0061_0031_0031.jpg 1 22 61 31 31
1344_0039_0041_0029_0029.jpg 1 39 41 29 29
1345_0031_0005_0059_0059.jpg 1 31 5 59 59
1346_0018_0017_0046_0046.jpg 1 18 17 46 46
1347_0056_0056_0029_0029.jpg 1 56 56 29 29
1348_0035_0021_0038_0038.jpg 1 35 21 38 38
1349_0005_0014_0049_0049.jpg 1 5 14 49 49
1350_0017_0031_0053_0053.jpg 1 17 31 53 53
1351_0023_0018_0068_0068.jpg 1 23 18 68 68
1352_0043_0037_0034_0034.jpg 1 43 37 34 34
1353_0035_0040_0036_0036.jpg 1 35 40 36 36
1354_0039_0045_0032_0032.jpg 1 39 45 32 32
1355_0016_0005_0068_0068.jpg 1 16 5 68 68
1356_0005_0005_0047_0047.jpg 1 5 5 47 47
1357_0008_0010_0064_0064.jpg 1 8 10 64 64
1358_0026_0060_0027_0027.jpg 1 26 60 27 27
1359_0030_0024_0026_0026.jpg 1 30 24 26 26
1360_0012_0015_0064_0064.jpg 1 12 15 64 64
1361_0017_0024_0052_0052.jpg 1 17 24 52 52
1362_0022_0024_0065_0065.jpg 1 22 24 65 65
1363_0037_0039_0030_0030.jpg 1 37 39 30 30
1364_0054_0048_0039_0039.jpg 1 54 48 39 39
1365_0019_0017_0068_0068.jpg 1 19 17 68 68
1366_0006_0005_0048_0048.jpg 1 6 5 48 48
1367_0021_0018_0056_0056.jpg 1 21 18 56 56
1368_0033_0032_0025_0025.jpg 1 33 32 25 25
1369_0023_0031_0048_0048.jpg 1 23 31 48 48
1370_0028_0028_0049_0049.jpg 1 28 28 49 49
1371_0020_0030_0037_0037.jpg 1 20 30 37 37
1372_0008_0005_0063_0063.jpg 1 8 5 63 63
1373_0017_0020_0056_0056.jpg 1 17 20 56 56
1374_0050_0030_0038_0038.jpg 1 50 30 38 38
1375_0043_0011_0049_0049.jpg 1 43 11 49 49
1376_0048_0042_0035_0035.jpg 1 48 42 35 35
1377_0061_0016_0030_0030.jpg 1 61 16 30 30
1378_0006_0009_0062_0062.jpg 1 6 9 62 62
1379_0056_0009_0028_0028.jpg 1 56 9 28 28
1380_0016_0012_0043_0043.jpg 1 16 12 43 43
1381_0008_0013_0063_0063.jpg 1 8 13 63 63
1382_0047_0008_0046_0046.jpg 1 47 8 46 46
1383_0050_0053_0030_0030.jpg 1 50 53 30 30
1384_0036_0022_0030_0030.jpg 1 36 22 30 30
1385_0039_0023_0032_0032.jpg 1 39 23 32 32
1386_0037_0032_0037_0037.jpg 1 37 32 37 37
1387_0038_0047_0036_0036.jpg 1 38 47 36 36
1388_0042_0041_0042_0042.jpg 1 42 41 42 42
1389_0056_0041_0026_0026.jpg 1 56 41 26 26
1390_0010_0014_0065_0065.jpg 1 10 14 65 65
1391_0047_0029_0045_0045.jpg 1 47 29 45 45
1392_0041_0020_0044_0044.jpg 1 41 20 44 44
1393_0046_0006_0043_0043.jpg 1 46 6 43 43
1394_0010_0034_0051_0051.jpg 1 10 34 51 51
1395_0004_0028_0064_0064.jpg 1 4 28 64 64
1396_0008_0018_0066_0066.jpg 1 8 18 66 66
1397_0018_0021_0049_0049.jpg 1 18 21 49 49
1398_0015_0025_0063_0063.jpg 1 15 25 63 63
1399_0035_0035_0045_0045.jpg 1 35 35 45 45
1400_0020_0022_0035_0035.jpg 1 20 22 35 35
1401_0032_0015_0059_0059.jpg 1 32 15 59 59
1402_0018_0022_0065_0065.jpg 1 18 22 65 65
1403_0006_0013_0063_0063.jpg 1 6 13 63 63
1404_0029_0030_0055_0055.jpg 1 29 30 55 55
1405_0011_0011_0053_0053.jpg 1 11 11 53 53
1406_0007_0027_0069_0069.jpg 1 7 27 69 69
1407_0004_0003_0064_0064.jpg 1 4 3 64 64
1408_0026_0035_0043_0043.jpg 1 26 35 43 43
1409_0033_0017_0046_0046.jpg 1 33 17 46 46
1410_0022_0043_0033_0033.jpg 1 22 43 33 33
1411_0012_0024_0037_0037.jpg 1 12 24 37 37
1412_0014_0009_0060_0060.jpg 1 14 9 60 60
1413_0009_0061_0028_0028.jpg 1 9 61 28 28
1414_0018_0019_0064_0064.jpg 1 18 19 64 64
1415_0041_0042_0041_0041.jpg 1 41 42 41 41
1416_0011_0011_0056_0056.jpg 1 11 11 56 56
1417_0045_0037_0025_0025.jpg 1 45 37 25 25
1418_0020_0014_0044_0044.jpg 1 20 14 44 44
1419_0033_0060_0024_0024.jpg 1 33 60 24 24
1420_0028_0040_0044_0044.jpg 1 28 40 44 44
1421_0055_0066_0024_0024.jpg 1 55 66 24 24
1422_0046_0012_0045_0045.jpg 1 46 12 45 45
1423_0024_0031_0037_0037.jpg 1 24 31 37 37
1424_0036_0019_0059_0059.jpg 1 36 19 59 59
1425_0042_0044_0043_0043.jpg 1 42 44 43 43
1426_0022_0062_0026_0026.jpg 1 22 62 26 26
1427_0028_0033_0038_0038.jpg 1 28 33 38 38
1428_0019_0017_0050_0050.jpg 1 19 17 50 50
1429_0053_0059_0027_0027.jpg 1 53 59 27 27
1430_0040_0038_0045_0045.jpg 1 40 38 45 45
1431_0032_0045_0030_0030.jpg 1 32 45 30 30
1432_0027_0007_0061_0061.jpg 1 27 7 61 61
1433_0032_0012_0045_0045.jpg 1 32 12 45 45
1434_0031_0045_0037_0037.jpg 1 31 45 37 37
1435_0017_0018_0047_0047.jpg 1 17 18 47 47
1436_0007_0028_0044_0044.jpg 1 7 28 44 44
1437_0006_0006_0060_0060.jpg 1 6 6 60 60
1438_0047_0055_0025_0025.jpg 1 47 55 25 25
1439_0012_0027_0057_0057.jpg 1 12 27 57 57
1440_0034_0051_0036_0036.jpg 1 34 51 36 36
1441_0017_0022_0062_0062.jpg 1 17 22 62 62
1442_0011_0035_0049_0049.jpg 1 11 35 49 49
1443_0063_0048_0026_0026.jpg 1 63 48 26 26
1444_0035_0033_0044_0044.jpg 1 35 33 44 44
1445_0004_0010_0065_0065.jpg 1 4 10 65 65
1446_0020_0023_0065_0065.jpg 1 20 23 65 65
1447_0029_0036_0056_0056.jpg 1 29 36 56 56
1448_0008_0049_0026_0026.jpg 1 8 49 26 26
1449_0003_0009_0062_0062.jpg 1 3 9 62 62
1450_0061_0057_0024_0024.jpg 1 61 57 24 24
1451_0017_0021_0024_0024.jpg 1 17 21 24 24
1452_0032_0008_0060_0060.jpg 1 32 8 60 60
1453_0043_0033_0043_0043.jpg 1 43 33 43 43
1454_0030_0042_0052_0052.jpg 1 30 42 52 52
1455_0015_0013_0061_0061.jpg 1 15 13 61 61
1456_0013_0027_0040_0040.jpg 1 13 27 40 40
1457_0018_0006_0063_0063.jpg 1 18 6 63 63
1458_0036_0009_0041_0041.jpg 1 36 9 41 41
1459_0022_0019_0041_0041.jpg 1 22 19 41 41
1460_0023_0027_0068_0068.jpg 1 23 27 68 68
1461_0036_0040_0034_0034.jpg 1 36 40 34 34
1462_0015_0012_0065_0065.jpg 1 15 12 65 65
1463_0021_0049_0033_0033.jpg 1 21 49 33 33
1464_0027_0031_0061_0061.jpg 1 27 31 61 61
1465_0010_0044_0043_0043.jpg 1 10 44 43 43
1466_0035_0020_0052_0052.jpg 1 35 20 52 52
1467_0006_0045_0046_0046.jpg 1 6 45 46 46
1468_0033_0016_0049_0049.jpg 1 33 16 49 49
1469_0022_0013_0048_0048.jpg 1 22 13 48 48
1470_0028_0011_0068_0068.jpg 1 28 11 68 68
1471_0030_0014_0033_0033.jpg 1 30 14 33 33
1472_0024_0045_0046_0046.jpg 1 24 45 46 46
1473_0024_0020_0066_0066.jpg 1 24 20 66 66
1474_0034_0005_0058_0058.jpg 1 34 5 58 58
1475_0006_0027_0063_0063.jpg 1 6 27 63 63
1476_0032_0008_0050_0050.jpg 1 32 8 50 50
1477_0031_0018_0044_0044.jpg 1 31 18 44 44
1478_0019_0024_0060_0060.jpg 1 19 24 60 60
1479_0021_0012_0068_0068.jpg 1 21 12 68 68
1480_0011_0015_0065_0065.jpg 1 11 15 65 65
1481_0051_0029_0032_0032.jpg 1 51 29 32 32
1482_0008_0013_0043_0043.jpg 1 8 13 43 43
1483_0009_0027_0052_0052.jpg 1 9 27 52 52
1484_0025_0040_0026_0026.jpg 1 25 40 26 26
1485_0011_0011_0049_0049.jpg 1 11 11 49 49
1486_0041_0016_0025_0025.jpg 1 41 16 25 25
1487_0010_0025_0066_0066.jpg 1 10 25 66 66
1488_0008_0023_0066_0066.jpg 1 8 23 66 66
1489_0019_0006_0062_0062.jpg 1 19 6 62 62
1490_0023_0022_0050_0050.jpg 1 23 22 50 50
1491_0036_0025_0043_0043.jpg 1 36 25 43 43
1492_0019_0021_0025_0025.jpg 1 19 21 25 25
1493_0013_0015_0062_0062.jpg 1 13 15 62 62
1494_0007_0005_0065_0065.jpg 1 7 5 65 65
1495_0012_0018_0065_0065.jpg 1 12 18 65 65
1496_0008_0018_0056_0056.jpg 1 8 18 56 56
1497_0048_0051_0029_0029.jpg 1 48 51 29 29
1498_0062_0061_0024_0024.jpg 1 62 61 24 24
1499_0026_0019_0033_0033.jpg 1 26 19 33 33
1500_0038_0038_0047_0047.jpg 1 38 38 47 47
1501_0022_0048_0045_0045.jpg 1 22 48 45 45
1502_0036_0028_0031_0031.jpg 1 36 28 31 31
1503_0017_0016_0061_0061.jpg 1 17 16 61 61
1504_0017_0012_0068_0068.jpg 1 17 12 68 68
1505_0023_0035_0032_0032.jpg 1 23 35 32 32
1506_0039_0060_0031_0031.jpg 1 39 60 31 31
1507_0041_0005_0050_0050.jpg 1 41 5 50 50
1508_0033_0023_0027_0027.jpg 1 33 23 27 27
1509_0019_0045_0028_0028.jpg 1 19 45 28 28
1510_0024_0026_0066_0066.jpg 1 24 26 66 66
1511_0039_0015_0054_0054.jpg 1 39 15 54 54
1512_0032_0050_0034_0034.jpg 1 32 50 34 34
1513_0012_0011_0059_0059.jpg 1 12 11 59 59
1514_0024_0044_0047_0047.jpg 1 24 44 47 47
1515_0014_0026_0069_0069.jpg 1 14 26 69 69
1516_0036_0018_0044_0044.jpg 1 36 18 44 44
1517_0014_0024_0029_0029.jpg 1 14 24 29 29
1518_0038_0066_0026_0026.jpg 1 38 66 26 26
1519_0010_0019_0066_0066.jpg 1 10 19 66 66
1520_0033_0023_0025_0025.jpg 1 33 23 25 25
1521_0051_0046_0025_0025.jpg 1 51 46 25 25
1522_0003_0013_0065_0065.jpg 1 3 13 65 65
1523_0043_0058_0034_0034.jpg 1 43 58 34 34
1524_0035_0047_0031_0031.jpg 1 35 47 31 31
1525_0029_0019_0064_0064.jpg 1 29 19 64 64
1526_0044_0044_0040_0040.jpg 1 44 44 40 40
1527_0021_0043_0034_0034.jpg 1 21 43 34 34
1528_0012_0023_0044_0044.jpg 1 12 23 44 44
1529_0021_0029_0059_0059.jpg 1 21 29 59 59
1530_0014_0010_0032_0032.jpg 1 14 10 32 32
1531_0047_0018_0047_0047.jpg 1 47 18 47 47
1532_0023_0032_0058_0058.jpg 1 23 32 58 58
1533_0033_0030_0039_0039.jpg 1 33 30 39 39
1534_0013_0011_0034_0034.jpg 1 13 11 34 34
1535_0032_0033_0059_0059.jpg 1 32 33 59 59
1536_0030_0016_0044_0044.jpg 1 30 16 44 44
1537_0012_0030_0037_0037.jpg 1 12 30 37 37
1538_0043_0035_0045_0045.jpg 1 43 35 45 45
1539_0040_0008_0039_0039.jpg 1 40 8 39 39
1540_0006_0017_0045_0045.jpg 1 6 17 45 45
1541_0017_0005_0061_0061.jpg 1 17 5 61 61
1542_0031_0018_0056_0056.jpg 1 31 18 56 56
1543_0007_0048_0039_0039.jpg 1 7 48 39 39
1544_0038_0012_0029_0029.jpg 1 38 12 29 29
1545_0007_0024_0066_0066.jpg 1 7 24 66 66
1546_0007_0015_0065_0065.jpg 1 7 15 65 65
1547_0032_0005_0051_0051.jpg 1 32 5 51 51
1548_0006_0009_0047_0047.jpg 1 6 9 47 47
1549_0062_0041_0024_0024.jpg 1 62 41 24 24
1550_0029_0035_0036_0036.jpg 1 29 35 36 36
1551_0039_0042_0040_0040.jpg 1 39 42 40 40
1552_0014_0005_0064_0064.jpg 1 14 5 64 64
1553_0010_0028_0046_0046.jpg 1 10 28 46 46
1554_0007_0016_0060_0060.jpg 1 7 16 60 60
1555_0007_0038_0039_0039.jpg 1 7 38 39 39
1556_0043_0016_0045_0045.jpg 1 43 16 45 45
1557_0042_0021_0046_0046.jpg 1 42 21 46 46
1558_0029_0004_0067_0067.jpg 1 29 4 67 67
1559_0041_0007_0039_0039.jpg 1 41 7 39 39
1560_0030_0020_0066_0066.jpg 1 30 20 66 66
1561_0032_0007_0048_0048.jpg 1 32 7 48 48
1562_0051_0047_0027_0027.jpg 1 51 47 27 27
1563_0011_0007_0048_0048.jpg 1 11 7 48 48
1564_0009_0005_0066_0066.jpg 1 9 5 66 66
1565_0030_0052_0038_0038.jpg 1 30 52 38 38
1566_0014_0038_0054_0054.jpg 1 14 38 54 54
1567_0014_0027_0046_0046.jpg 1 14 27 46 46
1568_0035_0054_0032_0032.jpg 1 35 54 32 32
1569_0055_0027_0032_0032.jpg 1 55 27 32 32
1570_0038_0016_0047_0047.jpg 1 38 16 47 47
1571_0042_0018_0042_0042.jpg 1 42 18 42 42
1572_0015_0030_0048_0048.jpg 1 15 30 48 48
1573_0020_0009_0037_0037.jpg 1 20 9 37 37
1574_0013_0009_0033_0033.jpg 1 13 9 33 33
1575_0028_0032_0036_0036.jpg 1 28 32 36 36
1576_0004_0011_0062_0062.jpg 1 4 11 62 62
1577_0024_0003_0068_0068.jpg 1 24 3 68 68
1578_0032_0028_0039_0039.jpg 1 32 28 39 39
1579_0051_0022_0029_0029.jpg 1 51 22 29 29
1580_0019_0015_0040_0040.jpg 1 19 15 40 40
1581_0012_0022_0061_0061.jpg 1 12 22 61 61
1582_0055_0058_0031_0031.jpg 1 55 58 31 31
1583_0012_0027_0056_0056.jpg 1 12 27 56 56
1584_0036_0017_0024_0024.jpg 1 36 17 24 24
1585_0006_0036_0037_0037.jpg 1 6 36 37 37
1586_0037_0042_0038_0038.jpg 1 37 42 38 38
1587_0008_0028_0050_0050.jpg 1 8 28 50 50
1588_0047_0040_0027_0027.jpg 1 47 40 27 27
1589_0035_0015_0052_0052.jpg 1 35 15 52 52
1590_0005_0020_0069_0069.jpg 1 5 20 69 69
1591_0050_0036_0035_0035.jpg 1 50 36 35 35
1592_0012_0026_0055_0055.jpg 1 12 26 55 55
1593_0044_0024_0051_0051.jpg 1 44 24 51 51
1594_0014_0012_0052_0052.jpg 1 14 12 52 52
1595_0040_0040_0053_0053.jpg 1 40 40 53 53
1596_0023_0011_0061_0061.jpg 1 23 11 61 61
1597_0017_0058_0027_0027.jpg 1 17 58 27 27
1598_0049_0056_0028_0028.jpg 1 49 56 28 28
1599_0020_0010_0029_0029.jpg 1 20 10 29 29
1600_0021_0009_0039_0039.jpg 1 21 9 39 39
1601_0039_0032_0046_0046.jpg 1 39 32 46 46
1602_0029_0031_0050_0050.jpg 1 29 31 50 50
1603_0032_0021_0054_0054.jpg 1 32 21 54 54
1604_0058_0043_0033_0033.jpg 1 58 43 33 33
1605_0023_0021_0036_0036.jpg 1 23 21 36 36
1606_0010_0034_0054_0054.jpg 1 10 34 54 54
1607_0030_0033_0034_0034.jpg 1 30 33 34 34
1608_0028_0028_0064_0064.jpg 1 28 28 64 64
1609_0027_0018_0066_0066.jpg 1 27 18 66 66
1610_0038_0052_0024_0024.jpg 1 38 52 24 24
1611_0054_0033_0029_0029.jpg 1 54 33 29 29
1612_0030_0016_0041_0041.jpg 1 30 16 41 41
1613_0012_0046_0027_0027.jpg 1 12 46 27 27
1614_0055_0026_0027_0027.jpg 1 55 26 27 27
1615_0024_0012_0056_0056.jpg 1 24 12 56 56
1616_0025_0036_0031_0031.jpg 1 25 36 31 31
1617_0009_0038_0057_0057.jpg 1 9 38 57 57
1618_0036_0021_0054_0054.jpg 1 36 21 54 54
1619_0013_0031_0058_0058.jpg 1 13 31 58 58
1620_0051_0012_0041_0041.jpg 1 51 12 41 41
1621_0013_0013_0036_0036.jpg 1 13 13 36 36
1622_0018_0019_0067_0067.jpg 1 18 19 67 67
1623_0037_0021_0053_0053.jpg 1 37 21 53 53
1624_0010_0018_0069_0069.jpg 1 10 18 69 69
1625_0024_0039_0047_0047.jpg 1 24 39 47 47
1626_0028_0030_0049_0049.jpg 1 28 30 49 49
1627_0008_0026_0041_0041.jpg 1 8 26 41 41
1628_0016_0032_0055_0055.jpg 1 16 32 55 55
1629_0019_0017_0037_0037.jpg 1 19 17 37 37
1630_0014_0025_0041_0041.jpg 1 14 25 41 41
1631_0044_0056_0032_0032.jpg 1 44 56 32 32
1632_0032_0046_0029_0029.jpg 1 32 46 29 29
1633_0009_0010_0050_0050.jpg 1 9 10 50 50
1634_0030_0027_0045_0045.jpg 1 30 27 45 45
1635_0045_0035_0035_0035.jpg 1 45 35 35 35
1636_0034_0006_0058_0058.jpg 1 34 6 58 58
1637_0012_0024_0039_0039.jpg 1 12 24 39 39
1638_0031_0008_0032_0032.jpg 1 31 8 32 32
1639_0016_0004_0059_0059.jpg 1 16 4 59 59
1640_0009_0049_0041_0041.jpg 1 9 49 41 41
1641_0036_0038_0047_0047.jpg 1 36 38 47 47
1642_0025_0019_0068_0068.jpg 1 25 19 68 68
1643_0034_0043_0026_0026.jpg 1 34 43 26 26
1644_0026_0012_0060_0060.jpg 1 26 12 60 60
1645_0040_0030_0042_0042.jpg 1 40 30 42 42
1646_0031_0009_0040_0040.jpg 1 31 9 40 40
1647_0023_0036_0037_0037.jpg 1 23 36 37 37
1648_0012_0033_0061_0061.jpg 1 12 33 61 61
1649_0037_0054_0026_0026.jpg 1 37 54 26 26
1650_0025_0018_0060_0060.jpg 1 25 18 60 60
1651_0048_0044_0038_0038.jpg 1 48 44 38 38
1652_0016_0021_0056_0056.jpg 1 16 21 56 56
1653_0023_0006_0064_0064.jpg 1 23 6 64 64
1654_0027_0014_0066_0066.jpg 1 27 14 66 66
1655_0004_0025_0057_0057.jpg 1 4 25 57 57
1656_0016_0036_0047_0047.jpg 1 16 36 47 47
1657_0011_0017_0063_0063.jpg 1 11 17 63 63
1658_0004_0008_0065_0065.jpg 1 4 8 65 65
1659_0013_0028_0035_0035.jpg 1 13 28 35 35
1660_0038_0040_0049_0049.jpg 1 38 40 49 49
1661_0027_0004_0067_0067.jpg 1 27 4 67 67
1662_0014_0017_0064_0064.jpg 1 14 17 64 64
1663_0020_0015_0045_0045.jpg 1 20 15 45 45
1664_0028_0017_0068_0068.jpg 1 28 17 68 68
1665_0021_0022_0053_0053.jpg 1 21 22 53 53
1666_0028_0015_0025_0025.jpg 1 28 15 25 25
1667_0006_0016_0068_0068.jpg 1 6 16 68 68
1668_0019_0033_0060_0060.jpg 1 19 33 60 60
1669_0047_0059_0026_0026.jpg 1 47 59 26 26
1670_0013_0023_0064_0064.jpg 1 13 23 64 64
1671_0017_0025_0053_0053.jpg 1 17 25 53 53
1672_0025_0022_0058_0058.jpg 1 25 22 58 58
1673_0012_0043_0041_0041.jpg 1 12 43 41 41
1674_0028_0050_0036_0036.jpg 1 28 50 36 36
1675_0030_0048_0037_0037.jpg 1 30 48 37 37
1676_0034_0032_0061_0061.jpg 1 34 32 61 61
1677_0022_0045_0047_0047.jpg 1 22 45 47 47
1678_0014_0014_0067_0067.jpg 1 14 14 67 67
1679_0045_0015_0042_0042.jpg 1 45 15 42 42
1680_0034_0025_0059_0059.jpg 1 34 25 59 59
1681_0033_0028_0062_0062.jpg 1 33 28 62 62
1682_0028_0025_0058_0058.jpg 1 28 25 58 58
1683_0008_0027_0062_0062.jpg 1 8 27 62 62
1684_0019_0011_0042_0042.jpg 1 19 11 42 42
1685_0056_0051_0027_0027.jpg 1 56 51 27 27
1686_0011_0006_0055_0055.jpg 1 11 6 55 55
1687_0035_0018_0055_0055.jpg 1 35 18 55 55
1688_0038_0014_0055_0055.jpg 1 38 14 55 55
1689_0029_0014_0063_0063.jpg 1 29 14 63 63
1690_0025_0021_0036_0036.jpg 1 25 21 36 36
1691_0064_0013_0025_0025.jpg 1 64 13 25 25
1692_0040_0044_0037_0037.jpg 1 40 44 37 37
1693_0012_0018_0044_0044.jpg 1 12 18 44 44
1694_0025_0014_0037_0037.jpg 1 25 14 37 37
1695_0043_0054_0032_0032.jpg 1 43 54 32 32
1696_0018_0021_0066_0066.jpg 1 18 21 66 66
1697_0024_0010_0050_0050.jpg 1 24 10 50 50
1698_0024_0058_0034_0034.jpg 1 24 58 34 34
1699_0007_0046_0027_0027.jpg 1 7 46 27 27
1700_0019_0053_0034_0034.jpg 1 19 53 34 34
1701_0015_0009_0059_0059.jpg 1 15 9 59 59
1702_0009_0034_0051_0051.jpg 1 9 34 51 51
1703_0027_0023_0040_0040.jpg 1 27 23 40 40
1704_0008_0036_0043_0043.jpg 1 8 36 43 43
1705_0023_0011_0026_0026.jpg 1 23 11 26 26
1706_0004_0011_0063_0063.jpg 1 4 11 63 63
1707_0025_0046_0039_0039.jpg 1 25 46 39 39
1708_0009_0030_0060_0060.jpg 1 9 30 60 60
1709_0006_0033_0034_0034.jpg 1 6 33 34 34
1710_0020_0057_0025_0025.jpg 1 20 57 25 25
1711_0048_0019_0043_0043.jpg 1 48 19 43 43
1712_0024_0025_0052_0052.jpg 1 24 25 52 52
1713_0036_0025_0036_0036.jpg 1 36 25 36 36
1714_0020_0029_0063_0063.jpg 1 20 29 63 63
1715_0004_0009_0066_0066.jpg 1 4 9 66 66
1716_0045_0060_0030_0030.jpg 1 45 60 30 30
1717_0057_0013_0033_0033.jpg 1 57 13 33 33
1718_0046_0014_0041_0041.jpg 1 46 14 41 41
1719_0030_0041_0030_0030.jpg 1 30 41 30 30
1720_0026_0012_0064_0064.jpg 1 26 12 64 64
1721_0018_0047_0036_0036.jpg 1 18 47 36 36
1722_0036_0038_0052_0052.jpg 1 36 38 52 52
1723_0036_0022_0051_0051.jpg 1 36 22 51 51
1724_0020_0049_0043_0043.jpg 1 20 49 43 43
1725_0043_0030_0040_0040.jpg 1 43 30 40 40
1726_0012_0010_0056_0056.jpg 1 12 10 56 56
1727_0016_0021_0061_0061.jpg 1 16 21 61 61
1728_0019_0059_0032_0032.jpg 1 19 59 32 32
1729_0025_0008_0069_0069.jpg 1 25 8 69 69
1730_0048_0050_0035_0035.jpg 1 48 50 35 35
1731_0032_0031_0052_0052.jpg 1 32 31 52 52
1732_0035_0045_0029_0029.jpg 1 35 45 29 29
1733_0026_0006_0050_0050.jpg 1 26 6 50 50
1734_0047_0024_0030_0030.jpg 1 47 24 30 30
1735_0005_0031_0046_0046.jpg 1 5 31 46 46
1736_0028_0015_0065_0065.jpg 1 28 15 65 65
1737_0014_0013_0025_0025.jpg 1 14 13 25 25
1738_0016_0003_0067_0067.jpg 1 16 3 67 67
1739_0054_0035_0026_0026.jpg 1 54 35 26 26
1740_0017_0006_0052_0052.jpg 1 17 6 52 52
1741_0035_0023_0036_0036.jpg 1 35 23 36 36
1742_0008_0012_0040_0040.jpg 1 8 12 40 40
1743_0038_0016_0028_0028.jpg 1 38 16 28 28
1744_0021_0035_0037_0037.jpg 1 21 35 37 37
1745_0013_0058_0034_0034.jpg 1 13 58 34 34
1746_0006_0008_0055_0055.jpg 1 6 8 55 55
1747_0042_0051_0038_0038.jpg 1 42 51 38 38
1748_0050_0006_0037_0037.jpg 1 50 6 37 37
1749_0013_0016_0061_0061.jpg 1 13 16 61 61
1750_0014_0034_0060_0060.jpg 1 14 34 60 60
1751_0044_0048_0045_0045.jpg 1 44 48 45 45
1752_0019_0014_0064_0064.jpg 1 19 14 64 64
1753_0026_0023_0063_0063.jpg 1 26 23 63 63
1754_0039_0034_0047_0047.jpg 1 39 34 47 47
1755_0045_0018_0036_0036.jpg 1 45 18 36 36
1756_0023_0035_0052_0052.jpg 1 23 35 52 52
1757_0012_0013_0061_0061.jpg 1 12 13 61 61
1758_0020_0025_0069_0069.jpg 1 20 25 69 69
1759_0026_0027_0054_0054.jpg 1 26 27 54 54
1760_0022_0013_0032_0032.jpg 1 22 13 32 32
1761_0008_0019_0066_0066.jpg 1 8 19 66 66
1762_0038_0026_0024_0024.jpg 1 38 26 24 24
1763_0029_0010_0055_0055.jpg 1 29 10 55 55
1764_0013_0051_0036_0036.jpg 1 13 51 36 36
1765_0032_0052_0039_0039.jpg 1 32 52 39 39
1766_0029_0027_0052_0052.jpg 1 29 27 52 52
1767_0012_0026_0065_0065.jpg 1 12 26 65 65
1768_0038_0037_0035_0035.jpg 1 38 37 35 35
1769_0061_0064_0024_0024.jpg 1 61 64 24 24
1770_0026_0023_0064_0064.jpg 1 26 23 64 64
1771_0025_0005_0048_0048.jpg 1 25 5 48 48
1772_0013_0025_0062_0062.jpg 1 13 25 62 62
1773_0026_0010_0041_0041.jpg 1 26 10 41 41
1774_0040_0044_0044_0044.jpg 1 40 44 44 44
1775_0043_0048_0031_0031.jpg 1 43 48 31 31
1776_0024_0048_0036_0036.jpg 1 24 48 36 36
1777_0049_0058_0034_0034.jpg 1 49 58 34 34
1778_0034_0026_0043_0043.jpg 1 34 26 43 43
1779_0041_0020_0038_0038.jpg 1 41 20 38 38
1780_0018_0013_0043_0043.jpg 1 18 13 43 43
1781_0025_0053_0031_0031.jpg 1 25 53 31 31
1782_0047_0039_0047_0047.jpg 1 47 39 47 47
1783_0028_0013_0064_0064.jpg 1 28 13 64 64
1784_0012_0039_0046_0046.jpg 1 12 39 46 46
1785_0023_0004_0062_0062.jpg 1 23 4 62 62
1786_0023_0029_0059_0059.jpg 1 23 29 59 59
1787_0037_0034_0056_0056.jpg 1 37 34 56 56
1788_0045_0010_0037_0037.jpg 1 45 10 37 37
1789_0020_0059_0027_0027.jpg 1 20 59 27 27
1790_0006_0008_0066_0066.jpg 1 6 8 66 66
1791_0045_0029_0043_0043.jpg 1 45 29 43 43
1792_0015_0035_0029_0029.jpg 1 15 35 29 29
1793_0022_0040_0050_0050.jpg 1 22 40 50 50
1794_0014_0018_0069_0069.jpg 1 14 18 69 69
1795_0020_0016_0054_0054.jpg 1 20 16 54 54
1796_0007_0027_0041_0041.jpg 1 7 27 41 41
1797_0030_0032_0044_0044.jpg 1 30 32 44 44
1798_0041_0045_0037_0037.jpg 1 41 45 37 37
1799_0007_0007_0039_0039.jpg 1 7 7 39 39
1800_0041_0038_0033_0033.jpg 1 41 38 33 33
1801_0052_0039_0041_0041.jpg 1 52 39 41 41
1802_0025_0018_0058_0058.jpg 1 25 18 58 58
1803_0038_0011_0029_0029.jpg 1 38 11 29 29
1804_0043_0029_0052_0052.jpg 1 43 29 52 52
1805_0045_0034_0046_0046.jpg 1 45 34 46 46
1806_0015_0011_0045_0045.jpg 1 15 11 45 45
1807_0041_0063_0025_0025.jpg 1 41 63 25 25
1808_0024_0025_0066_0066.jpg 1 24 25 66 66
1809_0045_0015_0048_0048.jpg 1 45 15 48 48
1810_0018_0045_0031_0031.jpg 1 18 45 31 31
1811_0015_0008_0038_0038.jpg 1 15 8 38 38
1812_0037_0030_0055_0055.jpg 1 37 30 55 55
1813_0033_0035_0043_0043.jpg 1 33 35 43 43
1814_0022_0009_0069_0069.jpg 1 22 9 69 69
1815_0018_0014_0064_0064.jpg 1 18 14 64 64
1816_0007_0005_0067_0067.jpg 1 7 5 67 67
1817_0029_0052_0034_0034.jpg 1 29 52 34 34
1818_0009_0019_0048_0048.jpg 1 9 19 48 48
1819_0029_0004_0055_0055.jpg 1 29 4 55 55
1820_0023_0041_0025_0025.jpg 1 23 41 25 25
1821_0043_0030_0050_0050.jpg 1 43 30 50 50
1822_0033_0015_0042_0042.jpg 1 33 15 42 42
1823_0028_0041_0050_0050.jpg 1 28 41 50 50
1824_0018_0013_0062_0062.jpg 1 18 13 62 62
1825_0041_0016_0047_0047.jpg 1 41 16 47 47
1826_0046_0021_0037_0037.jpg 1 46 21 37 37
1827_0014_0013_0045_0045.jpg 1 14 13 45 45
1828_0034_0012_0044_0044.jpg 1 34 12 44 44
1829_0036_0044_0047_0047.jpg 1 36 44 47 47
1830_0010_0016_0065_0065.jpg 1 10 16 65 65
1831_0010_0028_0052_0052.jpg 1 10 28 52 52
1832_0023_0031_0058_0058.jpg 1 23 31 58 58
1833_0036_0014_0028_0028.jpg 1 36 14 28 28
1834_0044_0010_0031_0031.jpg 1 44 10 31 31
1835_0013_0016_0058_0058.jpg 1 13 16 58 58
1836_0045_0011_0032_0032.jpg 1 45 11 32 32
1837_0048_0042_0034_0034.jpg 1 48 42 34 34
1838_0011_0039_0053_0053.jpg 1 11 39 53 53
1839_0010_0006_0062_0062.jpg 1 10 6 62 62
1840_0035_0020_0059_0059.jpg 1 35 20 59 59
1841_0028_0014_0062_0062.jpg 1 28 14 62 62
1842_0017_0009_0066_0066.jpg 1 17 9 66 66
1843_0027_0021_0045_0045.jpg 1 27 21 45 45
1844_0005_0020_0068_0068.jpg 1 5 20 68 68
1845_0033_0014_0043_0043.jpg 1 33 14 43 43
1846_0042_0023_0047_0047.jpg 1 42 23 47 47
1847_0040_0016_0030_0030.jpg 1 40 16 30 30
1848_0040_0051_0031_0031.jpg 1 40 51 31 31
1849_0027_0045_0049_0049.jpg 1 27 45 49 49
1850_0009_0028_0037_0037.jpg 1 9 28 37 37
1851_0023_0041_0047_0047.jpg 1 23 41 47 47
1852_0007_0049_0038_0038.jpg 1 7 49 38 38
1853_0019_0048_0041_0041.jpg 1 19 48 41 41
1854_0035_0024_0034_0034.jpg 1 35 24 34 34
1855_0007_0004_0060_0060.jpg 1 7 4 60 60
1856_0030_0006_0042_0042.jpg 1 30 6 42 42
1857_0053_0050_0039_0039.jpg 1 53 50 39 39
1858_0034_0018_0059_0059.jpg 1 34 18 59 59
1859_0038_0030_0045_0045.jpg 1 38 30 45 45
1860_0023_0030_0065_0065.jpg 1 23 30 65 65
1861_0042_0036_0051_0051.jpg 1 42 36 51 51
1862_0011_0019_0060_0060.jpg 1 11 19 60 60
1863_0031_0006_0056_0056.jpg 1 31 6 56 56
1864_0041_0048_0032_0032.jpg 1 41 48 32 32
1865_0038_0013_0035_0035.jpg 1 38 13 35 35
1866_0018_0012_0067_0067.jpg 1 18 12 67 67
1867_0051_0009_0028_0028.jpg 1 51 9 28 28
1868_0048_0025_0025_0025.jpg 1 48 25 25 25
1869_0022_0016_0067_0067.jpg 1 22 16 67 67
1870_0026_0011_0047_0047.jpg 1 26 11 47 47
1871_0018_0004_0064_0064.jpg 1 18 4 64 64
1872_0003_0009_0069_0069.jpg 1 3 9 69 69
1873_0022_0010_0064_0064.jpg 1 22 10 64 64
1874_0035_0007_0039_0039.jpg 1 35 7 39 39
1875_0011_0010_0042_0042.jpg 1 11 10 42 42
1876_0034_0021_0041_0041.jpg 1 34 21 41 41
1877_0039_0042_0029_0029.jpg 1 39 42 29 29
1878_0032_0037_0054_0054.jpg 1 32 37 54 54
1879_0019_0035_0029_0029.jpg 1 19 35 29 29
1880_0023_0030_0048_0048.jpg 1 23 30 48 48
1881_0010_0024_0058_0058.jpg 1 10 24 58 58
1882_0015_0008_0040_0040.jpg 1 15 8 40 40
1883_0015_0016_0057_0057.jpg 1 15 16 57 57
1884_0041_0023_0030_0030.jpg 1 41 23 30 30
1885_0008_0024_0058_0058.jpg 1 8 24 58 58
1886_0004_0005_0063_0063.jpg 1 4 5 63 63
1887_0021_0014_0054_0054.jpg 1 21 14 54 54
1888_0027_0008_0048_0048.jpg 1 27 8 48 48
1889_0015_0012_0068_0068.jpg 1 15 12 68 68
1890_0016_0036_0042_0042.jpg 1 16 36 42 42
1891_0040_0008_0032_0032.jpg 1 40 8 32 32
1892_0038_0040_0050_0050.jpg 1 38 40 50 50
1893_0028_0017_0028_0028.jpg 1 28 17 28 28
1894_0045_0043_0030_0030.jpg 1 45 43 30 30
1895_0025_0004_0064_0064.jpg 1 25 4 64 64
1896_0009_0016_0067_0067.jpg 1 9 16 67 67
1897_0037_0019_0054_0054.jpg 1 37 19 54 54
1898_0017_0012_0068_0068.jpg 1 17 12 68 68
1899_0014_0030_0028_0028.jpg 1 14 30 28 28
1900_0051_0051_0040_0040.jpg 1 51 51 40 40
1901_0053_0011_0027_0027.jpg 1 53 11 27 27
1902_0011_0031_0053_0053.jpg 1 11 31 53 53
1903_0016_0020_0055_0055.jpg 1 16 20 55 55
1904_0008_0028_0028_0028.jpg 1 8 28 28 28
1905_0030_0004_0062_0062.jpg 1 30 4 62 62
1906_0017_0017_0066_0066.jpg 1 17 17 66 66
1907_0044_0043_0028_0028.jpg 1 44 43 28 28
1908_0006_0016_0069_0069.jpg 1 6 16 69 69
1909_0011_0031_0045_0045.jpg 1 11 31 45 45
1910_0010_0041_0041_0041.jpg 1 10 41 41 41
1911_0016_0027_0049_0049.jpg 1 16 27 49 49
1912_0010_0016_0066_0066.jpg 1 10 16 66 66
1913_0017_0017_0055_0055.jpg 1 17 17 55 55
1914_0036_0035_0054_0054.jpg 1 36 35 54 54
1915_0003_0025_0065_0065.jpg 1 3 25 65 65
1916_0016_0044_0036_0036.jpg 1 16 44 36 36
1917_0009_0004_0057_0057.jpg 1 9 4 57 57
1918_0052_0050_0036_0036.jpg 1 52 50 36 36
1919_0063_0034_0027_0027.jpg 1 63 34 27 27
1920_0029_0022_0067_0067.jpg 1 29 22 67 67
1921_0031_0022_0037_0037.jpg 1 31 22 37 37
1922_0054_0063_0026_0026.jpg 1 54 63 26 26
1923_0020_0014_0057_0057.jpg 1 20 14 57 57
1924_0025_0021_0068_0068.jpg 1 25 21 68 68
1925_0043_0034_0051_0051.jpg 1 43 34 51 51
1926_0045_0049_0024_0024.jpg 1 45 49 24 24
1927_0033_0017_0040_0040.jpg 1 33 17 40 40
1928_0019_0028_0068_0068.jpg 1 19 28 68 68
1929_0037_0020_0030_0030.jpg 1 37 20 30 30
1930_0028_0008_0028_0028.jpg 1 28 8 28 28
1931_0059_0032_0030_0030.jpg 1 59 32 30 30
1932_0022_0019_0069_0069.jpg 1 22 19 69 69
1933_0011_0014_0058_0058.jpg 1 11 14 58 58
1934_0023_0011_0058_0058.jpg 1 23 11 58 58
1935_0016_0014_0044_0044.jpg 1 16 14 44 44
1936_0008_0021_0034_0034.jpg 1 8 21 34 34
1937_0010_0015_0069_0069.jpg 1 10 15 69 69
1938_0018_0008_0055_0055.jpg 1 18 8 55 55
1939_0011_0033_0060_0060.jpg 1 11 33 60 60
1940_0027_0030_0047_0047.jpg 1 27 30 47 47
1941_0038_0020_0052_0052.jpg 1 38 20 52 52
1942_0038_0038_0041_0041.jpg 1 38 38 41 41
1943_0035_0008_0030_0030.jpg 1 35 8 30 30
1944_0042_0026_0050_0050.jpg 1 42 26 50 50
1945_0005_0013_0067_0067.jpg 1 5 13 67 67
1946_0022_0038_0025_0025.jpg 1 22 38 25 25
1947_0041_0057_0027_0027.jpg 1 41 57 27 27
1948_0025_0039_0053_0053.jpg 1 25 39 53 53
1949_0025_0025_0049_0049.jpg 1 25 25 49 49
1950_0058_0041_0032_0032.jpg 1 58 41 32 32
1951_0014_0034_0044_0044.jpg 1 14 34 44 44
1952_0026_0004_0063_0063.jpg 1 26 4 63 63
1953_0031_0025_0054_0054.jpg 1 31 25 54 54
1954_0010_0033_0052_0052.jpg 1 10 33 52 52
1955_0012_0028_0024_0024.jpg 1 12 28 24 24
1956_0012_0019_0063_0063.jpg 1 12 19 63 63
1957_0015_0056_0033_0033.jpg 1 15 56 33 33
1958_0019_0003_0068_0068.jpg 1 19 3 68 68
1959_0004_0031_0056_0056.jpg 1 4 31 56 56
1960_0006_0011_0059_0059.jpg 1 6 11 59 59
1961_0011_0028_0063_0063.jpg 1 11 28 63 63
1962_0055_0042_0024_0024.jpg 1 55 42 24 24
1963_0026_0045_0044_0044.jpg 1 26 45 44 44
1964_0017_0012_0060_0060.jpg 1 17 12 60 60
1965_0026_0007_0061_0061.jpg 1 26 7 61 61
1966_0021_0017_0030_0030.jpg 1 21 17 30 30
1967_0030_0004_0065_0065.jpg 1 30 4 65 65
1968_0018_0003_0062_0062.jpg 1 18 3 62 62
1969_0018_0048_0040_0040.jpg 1 18 48 40 40
1970_0023_0032_0060_0060.jpg 1 23 32 60 60
1971_0025_0030_0055_0055.jpg 1 25 30 55 55
1972_0029_0009_0066_0066.jpg 1 29 9 66 66
1973_0006_0020_0061_0061.jpg 1 6 20 61 61
1974_0031_0052_0041_0041.jpg 1 31 52 41 41
1975_0015_0006_0053_0053.jpg 1 15 6 53 53
1976_0058_0061_0026_0026.jpg 1 58 61 26 26
1977_0031_0025_0063_0063.jpg 1 31 25 63 63
1978_0006_0032_0033_0033.jpg 1 6 32 33 33
1979_0025_0015_0048_0048.jpg 1 25 15 48 48
1980_0021_0017_0052_0052.jpg 1 21 17 52 52
1981_0027_0025_0063_0063.jpg 1 27 25 63 63
1982_0009_0020_0063_0063.jpg 1 9 20 63 63
1983_0014_0024_0049_0049.jpg 1 14 24 49 49
1984_0021_0029_0041_0041.jpg 1 21 29 41 41
1985_0028_0029_0063_0063.jpg 1 28 29 63 63
1986_0012_0006_0060_0060.jpg 1 12 6 60 60
1987_0026_0008_0048_0048.jpg 1 26 8 48 48
1988_0020_0030_0040_0040.jpg 1 20 30 40 40
1989_0045_0050_0028_0028.jpg 1 45 50 28 28
1990_0051_0014_0029_0029.jpg 1 51 14 29 29
1991_0028_0009_0042_0042.jpg 1 28 9 42 42
1992_0022_0024_0046_0046.jpg 1 22 24 46 46
1993_0026_0011_0027_0027.jpg 1 26 11 27 27
1994_0014_0036_0042_0042.jpg 1 14 36 42 42
1995_0010_0004_0060_0060.jpg 1 10 4 60 60
1996_0018_0026_0069_0069.jpg 1 18 26 69 69
1997_0041_0015_0041_0041.jpg 1 41 15 41 41
1998_0009_0016_0048_0048.jpg 1 9 16 48 48
1999_0066_0063_0025_0025.jpg 1 66 63 25 25
2000_0015_0042_0028_0028.jpg 1 15 42 28 28
